2021-07-02 14:59:30,074  INFO [main] SetUp:91 - Report status initiated
2021-07-02 14:59:36,217  INFO [main] SetUp:71 - Page opened
2021-07-02 14:59:36,358  INFO [main] SetUp:30 - Entered readExcel method
2021-07-02 14:59:36,641  INFO [main] SetUp:48 - Entered logIn method
2021-07-02 14:59:41,642  INFO [main] SetUp:527 - Entered filterByNurseryNameAndStatus test
2021-07-02 14:59:41,650  INFO [main] SetUp:46 - Entered getValue method
2021-07-02 14:59:41,653  INFO [main] SetUp:46 - Entered getValue method
2021-07-02 14:59:41,654  INFO [main] SetUp:46 - Entered getValue method
2021-07-02 14:59:41,655  INFO [main] SetUp:46 - Entered getValue method
2021-07-02 14:59:41,656  INFO [main] SetUp:46 - Entered getValue method
2021-07-02 14:59:41,657  INFO [main] SetUp:46 - Entered getValue method
2021-07-02 14:59:41,658  INFO [main] SetUp:46 - Entered getValue method
2021-07-02 14:59:41,658  INFO [main] SetUp:46 - Entered getValue method
2021-07-02 14:59:41,659  INFO [main] SetUp:46 - Entered getValue method
2021-07-02 14:59:41,660  INFO [main] SetUp:46 - Entered getValue method
2021-07-02 14:59:41,660  INFO [main] SetUp:46 - Entered getValue method
2021-07-02 14:59:41,667  INFO [main] SetUp:46 - Entered getValue method
2021-07-02 14:59:41,669  INFO [main] SetUp:46 - Entered getValue method
2021-07-02 14:59:41,669  INFO [main] SetUp:46 - Entered getValue method
2021-07-02 14:59:51,564  INFO [main] SetUp:584 - Assertion passed
2021-07-02 14:59:51,571  INFO [main] SetUp:115 - enter testReportResult method 
2021-07-02 14:59:51,836  INFO [main] SetUp:596 - Entered filterByNurseryNameAndEmail test
2021-07-02 14:59:51,836  INFO [main] SetUp:46 - Entered getValue method
2021-07-02 14:59:51,837  INFO [main] SetUp:46 - Entered getValue method
2021-07-02 14:59:51,837  INFO [main] SetUp:46 - Entered getValue method
2021-07-02 14:59:51,837  INFO [main] SetUp:46 - Entered getValue method
2021-07-02 14:59:51,837  INFO [main] SetUp:46 - Entered getValue method
2021-07-02 14:59:51,837  INFO [main] SetUp:46 - Entered getValue method
2021-07-02 14:59:51,837  INFO [main] SetUp:46 - Entered getValue method
2021-07-02 14:59:51,837  INFO [main] SetUp:46 - Entered getValue method
2021-07-02 14:59:51,837  INFO [main] SetUp:46 - Entered getValue method
2021-07-02 14:59:51,838  INFO [main] SetUp:46 - Entered getValue method
2021-07-02 14:59:51,838  INFO [main] SetUp:46 - Entered getValue method
2021-07-02 14:59:51,838  INFO [main] SetUp:46 - Entered getValue method
2021-07-02 14:59:51,838  INFO [main] SetUp:46 - Entered getValue method
2021-07-02 14:59:51,838  INFO [main] SetUp:46 - Entered getValue method
2021-07-02 14:59:54,750  INFO [main] SetUp:653 - Assertion passed
2021-07-02 14:59:54,752  INFO [main] SetUp:115 - enter testReportResult method 
2021-07-02 14:59:54,992  INFO [main] SetUp:665 - Entered filterByNurseryNameAndCountry test
2021-07-02 14:59:54,992  INFO [main] SetUp:46 - Entered getValue method
2021-07-02 14:59:54,993  INFO [main] SetUp:46 - Entered getValue method
2021-07-02 14:59:54,993  INFO [main] SetUp:46 - Entered getValue method
2021-07-02 14:59:54,993  INFO [main] SetUp:46 - Entered getValue method
2021-07-02 14:59:54,993  INFO [main] SetUp:46 - Entered getValue method
2021-07-02 14:59:54,993  INFO [main] SetUp:46 - Entered getValue method
2021-07-02 14:59:54,993  INFO [main] SetUp:46 - Entered getValue method
2021-07-02 14:59:54,994  INFO [main] SetUp:46 - Entered getValue method
2021-07-02 14:59:54,994  INFO [main] SetUp:46 - Entered getValue method
2021-07-02 14:59:54,994  INFO [main] SetUp:46 - Entered getValue method
2021-07-02 14:59:54,994  INFO [main] SetUp:46 - Entered getValue method
2021-07-02 14:59:54,994  INFO [main] SetUp:46 - Entered getValue method
2021-07-02 14:59:54,994  INFO [main] SetUp:46 - Entered getValue method
2021-07-02 14:59:54,994  INFO [main] SetUp:46 - Entered getValue method
2021-07-02 14:59:58,077  INFO [main] SetUp:722 - Assertion passed
2021-07-02 14:59:58,081  INFO [main] SetUp:115 - enter testReportResult method 
2021-07-02 14:59:58,359  INFO [main] SetUp:733 - Entered filterByNurseryNameAndCountryCode test
2021-07-02 14:59:58,359  INFO [main] SetUp:46 - Entered getValue method
2021-07-02 14:59:58,360  INFO [main] SetUp:46 - Entered getValue method
2021-07-02 14:59:58,360  INFO [main] SetUp:46 - Entered getValue method
2021-07-02 14:59:58,360  INFO [main] SetUp:46 - Entered getValue method
2021-07-02 14:59:58,360  INFO [main] SetUp:46 - Entered getValue method
2021-07-02 14:59:58,361  INFO [main] SetUp:46 - Entered getValue method
2021-07-02 14:59:58,361  INFO [main] SetUp:46 - Entered getValue method
2021-07-02 14:59:58,361  INFO [main] SetUp:46 - Entered getValue method
2021-07-02 14:59:58,361  INFO [main] SetUp:46 - Entered getValue method
2021-07-02 14:59:58,361  INFO [main] SetUp:46 - Entered getValue method
2021-07-02 14:59:58,362  INFO [main] SetUp:46 - Entered getValue method
2021-07-02 14:59:58,362  INFO [main] SetUp:46 - Entered getValue method
2021-07-02 14:59:58,362  INFO [main] SetUp:46 - Entered getValue method
2021-07-02 14:59:58,362  INFO [main] SetUp:46 - Entered getValue method
2021-07-02 14:59:58,363  INFO [main] SetUp:46 - Entered getValue method
2021-07-02 14:59:58,363  INFO [main] SetUp:46 - Entered getValue method
2021-07-02 14:59:58,363  INFO [main] SetUp:46 - Entered getValue method
2021-07-02 14:59:58,363  INFO [main] SetUp:46 - Entered getValue method
2021-07-02 14:59:58,363  INFO [main] SetUp:46 - Entered getValue method
2021-07-02 14:59:58,363  INFO [main] SetUp:46 - Entered getValue method
2021-07-02 14:59:58,363  INFO [main] SetUp:46 - Entered getValue method
2021-07-02 15:00:01,721  INFO [main] SetUp:791 - Assertion passed
2021-07-02 15:00:01,725  INFO [main] SetUp:115 - enter testReportResult method 
2021-07-02 15:00:01,921  INFO [main] SetUp:802 - Entered filterByNurseryNameAndPhone test
2021-07-02 15:00:01,922  INFO [main] SetUp:46 - Entered getValue method
2021-07-02 15:00:01,922  INFO [main] SetUp:46 - Entered getValue method
2021-07-02 15:00:01,923  INFO [main] SetUp:46 - Entered getValue method
2021-07-02 15:00:01,923  INFO [main] SetUp:46 - Entered getValue method
2021-07-02 15:00:01,923  INFO [main] SetUp:46 - Entered getValue method
2021-07-02 15:00:01,923  INFO [main] SetUp:46 - Entered getValue method
2021-07-02 15:00:01,924  INFO [main] SetUp:46 - Entered getValue method
2021-07-02 15:00:01,924  INFO [main] SetUp:46 - Entered getValue method
2021-07-02 15:00:01,924  INFO [main] SetUp:46 - Entered getValue method
2021-07-02 15:00:01,924  INFO [main] SetUp:46 - Entered getValue method
2021-07-02 15:00:01,925  INFO [main] SetUp:46 - Entered getValue method
2021-07-02 15:00:01,925  INFO [main] SetUp:46 - Entered getValue method
2021-07-02 15:00:01,925  INFO [main] SetUp:46 - Entered getValue method
2021-07-02 15:00:01,925  INFO [main] SetUp:46 - Entered getValue method
2021-07-02 15:00:04,920  INFO [main] SetUp:859 - Assertion passed
2021-07-02 15:00:04,924  INFO [main] SetUp:115 - enter testReportResult method 
2021-07-02 15:00:05,163  INFO [main] SetUp:870 - Entered filterByNurseryNameAndAccess test
2021-07-02 15:00:05,164  INFO [main] SetUp:46 - Entered getValue method
2021-07-02 15:00:05,164  INFO [main] SetUp:46 - Entered getValue method
2021-07-02 15:00:05,164  INFO [main] SetUp:46 - Entered getValue method
2021-07-02 15:00:05,164  INFO [main] SetUp:46 - Entered getValue method
2021-07-02 15:00:05,164  INFO [main] SetUp:46 - Entered getValue method
2021-07-02 15:00:05,164  INFO [main] SetUp:46 - Entered getValue method
2021-07-02 15:00:05,165  INFO [main] SetUp:46 - Entered getValue method
2021-07-02 15:00:05,165  INFO [main] SetUp:46 - Entered getValue method
2021-07-02 15:00:05,165  INFO [main] SetUp:46 - Entered getValue method
2021-07-02 15:00:05,165  INFO [main] SetUp:46 - Entered getValue method
2021-07-02 15:00:05,165  INFO [main] SetUp:46 - Entered getValue method
2021-07-02 15:00:05,165  INFO [main] SetUp:46 - Entered getValue method
2021-07-02 15:00:05,165  INFO [main] SetUp:46 - Entered getValue method
2021-07-02 15:00:05,165  INFO [main] SetUp:46 - Entered getValue method
2021-07-02 15:00:08,251  INFO [main] SetUp:927 - Assertion passed
2021-07-02 15:00:08,256  INFO [main] SetUp:115 - enter testReportResult method 
2021-07-02 15:00:08,434  INFO [main] SetUp:939 - Entered filterByStatusAndEmail test
2021-07-02 15:00:08,434  INFO [main] SetUp:46 - Entered getValue method
2021-07-02 15:00:08,435  INFO [main] SetUp:46 - Entered getValue method
2021-07-02 15:00:08,435  INFO [main] SetUp:46 - Entered getValue method
2021-07-02 15:00:08,435  INFO [main] SetUp:46 - Entered getValue method
2021-07-02 15:00:08,435  INFO [main] SetUp:46 - Entered getValue method
2021-07-02 15:00:08,436  INFO [main] SetUp:46 - Entered getValue method
2021-07-02 15:00:08,436  INFO [main] SetUp:46 - Entered getValue method
2021-07-02 15:00:08,436  INFO [main] SetUp:46 - Entered getValue method
2021-07-02 15:00:08,436  INFO [main] SetUp:46 - Entered getValue method
2021-07-02 15:00:08,436  INFO [main] SetUp:46 - Entered getValue method
2021-07-02 15:00:08,436  INFO [main] SetUp:46 - Entered getValue method
2021-07-02 15:00:08,436  INFO [main] SetUp:46 - Entered getValue method
2021-07-02 15:00:08,436  INFO [main] SetUp:46 - Entered getValue method
2021-07-02 15:00:08,437  INFO [main] SetUp:46 - Entered getValue method
2021-07-02 15:00:10,942  INFO [main] SetUp:996 - Assertion passed
2021-07-02 15:00:10,944  INFO [main] SetUp:115 - enter testReportResult method 
2021-07-02 15:00:11,175  INFO [main] SetUp:1007 - Entered filterByStatusAndCountry test
2021-07-02 15:00:11,176  INFO [main] SetUp:46 - Entered getValue method
2021-07-02 15:00:11,176  INFO [main] SetUp:46 - Entered getValue method
2021-07-02 15:00:11,176  INFO [main] SetUp:46 - Entered getValue method
2021-07-02 15:00:11,176  INFO [main] SetUp:46 - Entered getValue method
2021-07-02 15:00:11,176  INFO [main] SetUp:46 - Entered getValue method
2021-07-02 15:00:11,177  INFO [main] SetUp:46 - Entered getValue method
2021-07-02 15:00:11,177  INFO [main] SetUp:46 - Entered getValue method
2021-07-02 15:00:11,177  INFO [main] SetUp:46 - Entered getValue method
2021-07-02 15:00:11,177  INFO [main] SetUp:46 - Entered getValue method
2021-07-02 15:00:11,177  INFO [main] SetUp:46 - Entered getValue method
2021-07-02 15:00:11,177  INFO [main] SetUp:46 - Entered getValue method
2021-07-02 15:00:11,177  INFO [main] SetUp:46 - Entered getValue method
2021-07-02 15:00:11,177  INFO [main] SetUp:46 - Entered getValue method
2021-07-02 15:00:11,178  INFO [main] SetUp:46 - Entered getValue method
2021-07-02 15:00:32,625  INFO [main] SetUp:1064 - Assertion passed
2021-07-02 15:00:32,629  INFO [main] SetUp:115 - enter testReportResult method 
2021-07-02 15:00:32,803  INFO [main] SetUp:1075 - Entered filterByStatusAndCountryCode test
2021-07-02 15:00:32,803  INFO [main] SetUp:46 - Entered getValue method
2021-07-02 15:00:32,803  INFO [main] SetUp:46 - Entered getValue method
2021-07-02 15:00:32,803  INFO [main] SetUp:46 - Entered getValue method
2021-07-02 15:00:32,804  INFO [main] SetUp:46 - Entered getValue method
2021-07-02 15:00:32,804  INFO [main] SetUp:46 - Entered getValue method
2021-07-02 15:00:32,804  INFO [main] SetUp:46 - Entered getValue method
2021-07-02 15:00:32,804  INFO [main] SetUp:46 - Entered getValue method
2021-07-02 15:00:32,804  INFO [main] SetUp:46 - Entered getValue method
2021-07-02 15:00:32,804  INFO [main] SetUp:46 - Entered getValue method
2021-07-02 15:00:32,804  INFO [main] SetUp:46 - Entered getValue method
2021-07-02 15:00:32,804  INFO [main] SetUp:46 - Entered getValue method
2021-07-02 15:00:32,804  INFO [main] SetUp:46 - Entered getValue method
2021-07-02 15:00:32,805  INFO [main] SetUp:46 - Entered getValue method
2021-07-02 15:00:32,805  INFO [main] SetUp:46 - Entered getValue method
2021-07-02 15:00:32,805  INFO [main] SetUp:46 - Entered getValue method
2021-07-02 15:00:32,805  INFO [main] SetUp:46 - Entered getValue method
2021-07-02 15:00:32,805  INFO [main] SetUp:46 - Entered getValue method
2021-07-02 15:00:32,805  INFO [main] SetUp:46 - Entered getValue method
2021-07-02 15:00:32,805  INFO [main] SetUp:46 - Entered getValue method
2021-07-02 15:00:32,805  INFO [main] SetUp:46 - Entered getValue method
2021-07-02 15:00:32,805  INFO [main] SetUp:46 - Entered getValue method
2021-07-02 15:00:44,703  INFO [main] SetUp:1133 - Assertion passed
2021-07-02 15:00:44,708  INFO [main] SetUp:115 - enter testReportResult method 
2021-07-02 15:00:44,892  INFO [main] SetUp:1145 - Entered filterByStatusAndPhone test
2021-07-02 15:00:44,893  INFO [main] SetUp:46 - Entered getValue method
2021-07-02 15:00:44,893  INFO [main] SetUp:46 - Entered getValue method
2021-07-02 15:00:44,893  INFO [main] SetUp:46 - Entered getValue method
2021-07-02 15:00:44,893  INFO [main] SetUp:46 - Entered getValue method
2021-07-02 15:00:44,893  INFO [main] SetUp:46 - Entered getValue method
2021-07-02 15:00:44,893  INFO [main] SetUp:46 - Entered getValue method
2021-07-02 15:00:44,893  INFO [main] SetUp:46 - Entered getValue method
2021-07-02 15:00:44,893  INFO [main] SetUp:46 - Entered getValue method
2021-07-02 15:00:44,893  INFO [main] SetUp:46 - Entered getValue method
2021-07-02 15:00:44,893  INFO [main] SetUp:46 - Entered getValue method
2021-07-02 15:00:44,893  INFO [main] SetUp:46 - Entered getValue method
2021-07-02 15:00:44,894  INFO [main] SetUp:46 - Entered getValue method
2021-07-02 15:00:44,894  INFO [main] SetUp:46 - Entered getValue method
2021-07-02 15:00:44,894  INFO [main] SetUp:46 - Entered getValue method
2021-07-02 15:00:48,016  INFO [main] SetUp:1202 - Assertion passed
2021-07-02 15:00:48,021  INFO [main] SetUp:115 - enter testReportResult method 
2021-07-02 15:00:48,295  INFO [main] SetUp:1213 - Entered filterByStatusAndAccess test
2021-07-02 15:00:48,296  INFO [main] SetUp:46 - Entered getValue method
2021-07-02 15:00:48,296  INFO [main] SetUp:46 - Entered getValue method
2021-07-02 15:00:48,296  INFO [main] SetUp:46 - Entered getValue method
2021-07-02 15:00:48,296  INFO [main] SetUp:46 - Entered getValue method
2021-07-02 15:00:48,296  INFO [main] SetUp:46 - Entered getValue method
2021-07-02 15:00:48,296  INFO [main] SetUp:46 - Entered getValue method
2021-07-02 15:00:48,296  INFO [main] SetUp:46 - Entered getValue method
2021-07-02 15:00:48,296  INFO [main] SetUp:46 - Entered getValue method
2021-07-02 15:00:48,297  INFO [main] SetUp:46 - Entered getValue method
2021-07-02 15:00:48,297  INFO [main] SetUp:46 - Entered getValue method
2021-07-02 15:00:48,297  INFO [main] SetUp:46 - Entered getValue method
2021-07-02 15:00:48,297  INFO [main] SetUp:46 - Entered getValue method
2021-07-02 15:00:48,297  INFO [main] SetUp:46 - Entered getValue method
2021-07-02 15:00:48,297  INFO [main] SetUp:46 - Entered getValue method
2021-07-02 15:01:31,176  INFO [main] SetUp:1270 - Assertion passed
2021-07-02 15:01:31,179  INFO [main] SetUp:115 - enter testReportResult method 
2021-07-02 15:01:31,426  INFO [main] SetUp:1281 - Entered filterByEmailAndCountry test
2021-07-02 15:01:31,426  INFO [main] SetUp:46 - Entered getValue method
2021-07-02 15:01:31,426  INFO [main] SetUp:46 - Entered getValue method
2021-07-02 15:01:31,426  INFO [main] SetUp:46 - Entered getValue method
2021-07-02 15:01:31,427  INFO [main] SetUp:46 - Entered getValue method
2021-07-02 15:01:31,427  INFO [main] SetUp:46 - Entered getValue method
2021-07-02 15:01:31,427  INFO [main] SetUp:46 - Entered getValue method
2021-07-02 15:01:31,427  INFO [main] SetUp:46 - Entered getValue method
2021-07-02 15:01:31,427  INFO [main] SetUp:46 - Entered getValue method
2021-07-02 15:01:31,427  INFO [main] SetUp:46 - Entered getValue method
2021-07-02 15:01:31,427  INFO [main] SetUp:46 - Entered getValue method
2021-07-02 15:01:31,427  INFO [main] SetUp:46 - Entered getValue method
2021-07-02 15:01:31,428  INFO [main] SetUp:46 - Entered getValue method
2021-07-02 15:01:31,428  INFO [main] SetUp:46 - Entered getValue method
2021-07-02 15:01:31,428  INFO [main] SetUp:46 - Entered getValue method
2021-07-02 15:01:34,346  INFO [main] SetUp:1338 - Assertion passed
2021-07-02 15:01:34,348  INFO [main] SetUp:115 - enter testReportResult method 
2021-07-02 15:01:34,575  INFO [main] SetUp:1349 - Entered filterByEmailAndCountryCode test
2021-07-02 15:01:34,576  INFO [main] SetUp:46 - Entered getValue method
2021-07-02 15:01:34,576  INFO [main] SetUp:46 - Entered getValue method
2021-07-02 15:01:34,576  INFO [main] SetUp:46 - Entered getValue method
2021-07-02 15:01:34,576  INFO [main] SetUp:46 - Entered getValue method
2021-07-02 15:01:34,576  INFO [main] SetUp:46 - Entered getValue method
2021-07-02 15:01:34,576  INFO [main] SetUp:46 - Entered getValue method
2021-07-02 15:01:34,576  INFO [main] SetUp:46 - Entered getValue method
2021-07-02 15:01:34,577  INFO [main] SetUp:46 - Entered getValue method
2021-07-02 15:01:34,577  INFO [main] SetUp:46 - Entered getValue method
2021-07-02 15:01:34,577  INFO [main] SetUp:46 - Entered getValue method
2021-07-02 15:01:34,577  INFO [main] SetUp:46 - Entered getValue method
2021-07-02 15:01:34,577  INFO [main] SetUp:46 - Entered getValue method
2021-07-02 15:01:34,577  INFO [main] SetUp:46 - Entered getValue method
2021-07-02 15:01:34,577  INFO [main] SetUp:46 - Entered getValue method
2021-07-02 15:01:34,577  INFO [main] SetUp:46 - Entered getValue method
2021-07-02 15:01:34,577  INFO [main] SetUp:46 - Entered getValue method
2021-07-02 15:01:34,577  INFO [main] SetUp:46 - Entered getValue method
2021-07-02 15:01:34,577  INFO [main] SetUp:46 - Entered getValue method
2021-07-02 15:01:34,577  INFO [main] SetUp:46 - Entered getValue method
2021-07-02 15:01:34,578  INFO [main] SetUp:46 - Entered getValue method
2021-07-02 15:01:34,578  INFO [main] SetUp:46 - Entered getValue method
2021-07-02 15:01:37,524  INFO [main] SetUp:1407 - Assertion passed
2021-07-02 15:01:37,528  INFO [main] SetUp:115 - enter testReportResult method 
2021-07-02 15:01:37,787  INFO [main] SetUp:1418 - Entered filterByEmailAndPhone test
2021-07-02 15:01:37,788  INFO [main] SetUp:46 - Entered getValue method
2021-07-02 15:01:37,788  INFO [main] SetUp:46 - Entered getValue method
2021-07-02 15:01:37,788  INFO [main] SetUp:46 - Entered getValue method
2021-07-02 15:01:37,789  INFO [main] SetUp:46 - Entered getValue method
2021-07-02 15:01:37,789  INFO [main] SetUp:46 - Entered getValue method
2021-07-02 15:01:37,789  INFO [main] SetUp:46 - Entered getValue method
2021-07-02 15:01:37,790  INFO [main] SetUp:46 - Entered getValue method
2021-07-02 15:01:37,790  INFO [main] SetUp:46 - Entered getValue method
2021-07-02 15:01:37,790  INFO [main] SetUp:46 - Entered getValue method
2021-07-02 15:01:37,791  INFO [main] SetUp:46 - Entered getValue method
2021-07-02 15:01:37,791  INFO [main] SetUp:46 - Entered getValue method
2021-07-02 15:01:37,791  INFO [main] SetUp:46 - Entered getValue method
2021-07-02 15:01:37,791  INFO [main] SetUp:46 - Entered getValue method
2021-07-02 15:01:37,792  INFO [main] SetUp:46 - Entered getValue method
2021-07-02 15:01:40,548  INFO [main] SetUp:1476 - Assertion passed
2021-07-02 15:01:40,551  INFO [main] SetUp:115 - enter testReportResult method 
2021-07-02 15:01:40,747  INFO [main] SetUp:1487 - Entered filterByEmailAndAccess test
2021-07-02 15:01:40,748  INFO [main] SetUp:46 - Entered getValue method
2021-07-02 15:01:40,748  INFO [main] SetUp:46 - Entered getValue method
2021-07-02 15:01:40,748  INFO [main] SetUp:46 - Entered getValue method
2021-07-02 15:01:40,748  INFO [main] SetUp:46 - Entered getValue method
2021-07-02 15:01:40,748  INFO [main] SetUp:46 - Entered getValue method
2021-07-02 15:01:40,748  INFO [main] SetUp:46 - Entered getValue method
2021-07-02 15:01:40,748  INFO [main] SetUp:46 - Entered getValue method
2021-07-02 15:01:40,748  INFO [main] SetUp:46 - Entered getValue method
2021-07-02 15:01:40,749  INFO [main] SetUp:46 - Entered getValue method
2021-07-02 15:01:40,749  INFO [main] SetUp:46 - Entered getValue method
2021-07-02 15:01:40,749  INFO [main] SetUp:46 - Entered getValue method
2021-07-02 15:01:40,749  INFO [main] SetUp:46 - Entered getValue method
2021-07-02 15:01:40,749  INFO [main] SetUp:46 - Entered getValue method
2021-07-02 15:01:40,749  INFO [main] SetUp:46 - Entered getValue method
2021-07-02 15:01:43,654  INFO [main] SetUp:1545 - Assertion passed
2021-07-02 15:01:43,658  INFO [main] SetUp:115 - enter testReportResult method 
2021-07-02 15:01:43,888  INFO [main] SetUp:1556 - Entered filterByCountryAndCountryCode test
2021-07-02 15:01:43,888  INFO [main] SetUp:46 - Entered getValue method
2021-07-02 15:01:43,889  INFO [main] SetUp:46 - Entered getValue method
2021-07-02 15:01:43,889  INFO [main] SetUp:46 - Entered getValue method
2021-07-02 15:01:43,889  INFO [main] SetUp:46 - Entered getValue method
2021-07-02 15:01:43,889  INFO [main] SetUp:46 - Entered getValue method
2021-07-02 15:01:43,889  INFO [main] SetUp:46 - Entered getValue method
2021-07-02 15:01:43,890  INFO [main] SetUp:46 - Entered getValue method
2021-07-02 15:01:43,890  INFO [main] SetUp:46 - Entered getValue method
2021-07-02 15:01:43,890  INFO [main] SetUp:46 - Entered getValue method
2021-07-02 15:01:43,890  INFO [main] SetUp:46 - Entered getValue method
2021-07-02 15:01:43,890  INFO [main] SetUp:46 - Entered getValue method
2021-07-02 15:01:43,890  INFO [main] SetUp:46 - Entered getValue method
2021-07-02 15:01:43,891  INFO [main] SetUp:46 - Entered getValue method
2021-07-02 15:01:43,891  INFO [main] SetUp:46 - Entered getValue method
2021-07-02 15:01:43,891  INFO [main] SetUp:46 - Entered getValue method
2021-07-02 15:01:43,891  INFO [main] SetUp:46 - Entered getValue method
2021-07-02 15:01:43,891  INFO [main] SetUp:46 - Entered getValue method
2021-07-02 15:01:43,891  INFO [main] SetUp:46 - Entered getValue method
2021-07-02 15:01:43,891  INFO [main] SetUp:46 - Entered getValue method
2021-07-02 15:01:43,891  INFO [main] SetUp:46 - Entered getValue method
2021-07-02 15:01:43,891  INFO [main] SetUp:46 - Entered getValue method
2021-07-02 15:02:04,788  INFO [main] SetUp:1614 - Assertion passed
2021-07-02 15:02:04,798  INFO [main] SetUp:115 - enter testReportResult method 
2021-07-02 15:02:05,066  INFO [main] SetUp:1625 - Entered filterByCountryAndPhone test
2021-07-02 15:02:05,066  INFO [main] SetUp:46 - Entered getValue method
2021-07-02 15:02:05,067  INFO [main] SetUp:46 - Entered getValue method
2021-07-02 15:02:05,067  INFO [main] SetUp:46 - Entered getValue method
2021-07-02 15:02:05,067  INFO [main] SetUp:46 - Entered getValue method
2021-07-02 15:02:05,067  INFO [main] SetUp:46 - Entered getValue method
2021-07-02 15:02:05,068  INFO [main] SetUp:46 - Entered getValue method
2021-07-02 15:02:05,068  INFO [main] SetUp:46 - Entered getValue method
2021-07-02 15:02:05,068  INFO [main] SetUp:46 - Entered getValue method
2021-07-02 15:02:05,068  INFO [main] SetUp:46 - Entered getValue method
2021-07-02 15:02:05,069  INFO [main] SetUp:46 - Entered getValue method
2021-07-02 15:02:05,069  INFO [main] SetUp:46 - Entered getValue method
2021-07-02 15:02:05,069  INFO [main] SetUp:46 - Entered getValue method
2021-07-02 15:02:05,070  INFO [main] SetUp:46 - Entered getValue method
2021-07-02 15:02:05,070  INFO [main] SetUp:46 - Entered getValue method
2021-07-02 15:02:08,469  INFO [main] SetUp:1682 - Assertion passed
2021-07-02 15:02:08,473  INFO [main] SetUp:115 - enter testReportResult method 
2021-07-02 15:02:08,634  INFO [main] SetUp:1693 - Entered filterByCountryAndAccess test
2021-07-02 15:02:08,634  INFO [main] SetUp:46 - Entered getValue method
2021-07-02 15:02:08,634  INFO [main] SetUp:46 - Entered getValue method
2021-07-02 15:02:08,635  INFO [main] SetUp:46 - Entered getValue method
2021-07-02 15:02:08,635  INFO [main] SetUp:46 - Entered getValue method
2021-07-02 15:02:08,635  INFO [main] SetUp:46 - Entered getValue method
2021-07-02 15:02:08,635  INFO [main] SetUp:46 - Entered getValue method
2021-07-02 15:02:08,635  INFO [main] SetUp:46 - Entered getValue method
2021-07-02 15:02:08,635  INFO [main] SetUp:46 - Entered getValue method
2021-07-02 15:02:08,635  INFO [main] SetUp:46 - Entered getValue method
2021-07-02 15:02:08,635  INFO [main] SetUp:46 - Entered getValue method
2021-07-02 15:02:08,636  INFO [main] SetUp:46 - Entered getValue method
2021-07-02 15:02:08,636  INFO [main] SetUp:46 - Entered getValue method
2021-07-02 15:02:08,636  INFO [main] SetUp:46 - Entered getValue method
2021-07-02 15:02:08,636  INFO [main] SetUp:46 - Entered getValue method
2021-07-02 15:02:41,292  INFO [main] SetUp:1750 - Assertion passed
2021-07-02 15:02:41,295  INFO [main] SetUp:115 - enter testReportResult method 
2021-07-02 15:02:41,544  INFO [main] SetUp:1761 - Entered filterByCountryCodeAndPhone test
2021-07-02 15:02:41,544  INFO [main] SetUp:46 - Entered getValue method
2021-07-02 15:02:41,545  INFO [main] SetUp:46 - Entered getValue method
2021-07-02 15:02:41,545  INFO [main] SetUp:46 - Entered getValue method
2021-07-02 15:02:41,545  INFO [main] SetUp:46 - Entered getValue method
2021-07-02 15:02:41,545  INFO [main] SetUp:46 - Entered getValue method
2021-07-02 15:02:41,545  INFO [main] SetUp:46 - Entered getValue method
2021-07-02 15:02:41,545  INFO [main] SetUp:46 - Entered getValue method
2021-07-02 15:02:41,545  INFO [main] SetUp:46 - Entered getValue method
2021-07-02 15:02:41,545  INFO [main] SetUp:46 - Entered getValue method
2021-07-02 15:02:41,545  INFO [main] SetUp:46 - Entered getValue method
2021-07-02 15:02:41,545  INFO [main] SetUp:46 - Entered getValue method
2021-07-02 15:02:41,545  INFO [main] SetUp:46 - Entered getValue method
2021-07-02 15:02:41,545  INFO [main] SetUp:46 - Entered getValue method
2021-07-02 15:02:41,545  INFO [main] SetUp:46 - Entered getValue method
2021-07-02 15:02:44,331  INFO [main] SetUp:1818 - Assertion passed
2021-07-02 15:02:44,332  INFO [main] SetUp:115 - enter testReportResult method 
2021-07-02 15:02:44,595  INFO [main] SetUp:1829 - Entered filterByCountryCodeAndAccess test
2021-07-02 15:02:44,595  INFO [main] SetUp:46 - Entered getValue method
2021-07-02 15:02:44,596  INFO [main] SetUp:46 - Entered getValue method
2021-07-02 15:02:44,596  INFO [main] SetUp:46 - Entered getValue method
2021-07-02 15:02:44,596  INFO [main] SetUp:46 - Entered getValue method
2021-07-02 15:02:44,596  INFO [main] SetUp:46 - Entered getValue method
2021-07-02 15:02:44,597  INFO [main] SetUp:46 - Entered getValue method
2021-07-02 15:02:44,597  INFO [main] SetUp:46 - Entered getValue method
2021-07-02 15:02:44,597  INFO [main] SetUp:46 - Entered getValue method
2021-07-02 15:02:44,597  INFO [main] SetUp:46 - Entered getValue method
2021-07-02 15:02:44,598  INFO [main] SetUp:46 - Entered getValue method
2021-07-02 15:02:44,598  INFO [main] SetUp:46 - Entered getValue method
2021-07-02 15:02:44,598  INFO [main] SetUp:46 - Entered getValue method
2021-07-02 15:02:44,598  INFO [main] SetUp:46 - Entered getValue method
2021-07-02 15:02:44,599  INFO [main] SetUp:46 - Entered getValue method
2021-07-02 15:02:44,599  INFO [main] SetUp:46 - Entered getValue method
2021-07-02 15:02:44,599  INFO [main] SetUp:46 - Entered getValue method
2021-07-02 15:02:44,599  INFO [main] SetUp:46 - Entered getValue method
2021-07-02 15:02:44,599  INFO [main] SetUp:46 - Entered getValue method
2021-07-02 15:02:44,600  INFO [main] SetUp:46 - Entered getValue method
2021-07-02 15:02:44,600  INFO [main] SetUp:46 - Entered getValue method
2021-07-02 15:02:44,600  INFO [main] SetUp:46 - Entered getValue method
2021-07-02 15:03:06,413  INFO [main] SetUp:1887 - Assertion passed
2021-07-02 15:03:06,415  INFO [main] SetUp:115 - enter testReportResult method 
2021-07-02 15:03:06,698  INFO [main] SetUp:1898 - Entered filterByPhoneAndAccess test
2021-07-02 15:03:06,699  INFO [main] SetUp:46 - Entered getValue method
2021-07-02 15:03:06,699  INFO [main] SetUp:46 - Entered getValue method
2021-07-02 15:03:06,699  INFO [main] SetUp:46 - Entered getValue method
2021-07-02 15:03:06,700  INFO [main] SetUp:46 - Entered getValue method
2021-07-02 15:03:06,700  INFO [main] SetUp:46 - Entered getValue method
2021-07-02 15:03:06,700  INFO [main] SetUp:46 - Entered getValue method
2021-07-02 15:03:06,700  INFO [main] SetUp:46 - Entered getValue method
2021-07-02 15:03:06,700  INFO [main] SetUp:46 - Entered getValue method
2021-07-02 15:03:06,700  INFO [main] SetUp:46 - Entered getValue method
2021-07-02 15:03:06,701  INFO [main] SetUp:46 - Entered getValue method
2021-07-02 15:03:06,701  INFO [main] SetUp:46 - Entered getValue method
2021-07-02 15:03:06,701  INFO [main] SetUp:46 - Entered getValue method
2021-07-02 15:03:06,701  INFO [main] SetUp:46 - Entered getValue method
2021-07-02 15:03:06,701  INFO [main] SetUp:46 - Entered getValue method
2021-07-02 15:03:09,710  INFO [main] SetUp:1955 - Assertion passed
2021-07-02 15:03:09,715  INFO [main] SetUp:115 - enter testReportResult method 
2021-07-02 15:03:09,934  INFO [main] SetUp:1967 - Entered filterByNurseryNameStatusAndEmail test
2021-07-02 15:03:09,934  INFO [main] SetUp:46 - Entered getValue method
2021-07-02 15:03:09,934  INFO [main] SetUp:46 - Entered getValue method
2021-07-02 15:03:09,934  INFO [main] SetUp:46 - Entered getValue method
2021-07-02 15:03:09,934  INFO [main] SetUp:46 - Entered getValue method
2021-07-02 15:03:09,935  INFO [main] SetUp:46 - Entered getValue method
2021-07-02 15:03:09,935  INFO [main] SetUp:46 - Entered getValue method
2021-07-02 15:03:09,935  INFO [main] SetUp:46 - Entered getValue method
2021-07-02 15:03:09,935  INFO [main] SetUp:46 - Entered getValue method
2021-07-02 15:03:09,935  INFO [main] SetUp:46 - Entered getValue method
2021-07-02 15:03:09,935  INFO [main] SetUp:46 - Entered getValue method
2021-07-02 15:03:09,935  INFO [main] SetUp:46 - Entered getValue method
2021-07-02 15:03:09,935  INFO [main] SetUp:46 - Entered getValue method
2021-07-02 15:03:09,936  INFO [main] SetUp:46 - Entered getValue method
2021-07-02 15:03:09,936  INFO [main] SetUp:46 - Entered getValue method
2021-07-02 15:03:09,936  INFO [main] SetUp:46 - Entered getValue method
2021-07-02 15:03:09,936  INFO [main] SetUp:46 - Entered getValue method
2021-07-02 15:03:09,936  INFO [main] SetUp:46 - Entered getValue method
2021-07-02 15:03:09,936  INFO [main] SetUp:46 - Entered getValue method
2021-07-02 15:03:09,936  INFO [main] SetUp:46 - Entered getValue method
2021-07-02 15:03:09,936  INFO [main] SetUp:46 - Entered getValue method
2021-07-02 15:03:09,936  INFO [main] SetUp:46 - Entered getValue method
2021-07-02 15:03:13,373  INFO [main] SetUp:2027 - Assertion passed
2021-07-02 15:03:13,376  INFO [main] SetUp:115 - enter testReportResult method 
2021-07-02 15:03:13,610  INFO [main] SetUp:2039 - Entered filterByNurseryNameStatusAndCountry test
2021-07-02 15:03:13,611  INFO [main] SetUp:46 - Entered getValue method
2021-07-02 15:03:13,611  INFO [main] SetUp:46 - Entered getValue method
2021-07-02 15:03:13,611  INFO [main] SetUp:46 - Entered getValue method
2021-07-02 15:03:13,611  INFO [main] SetUp:46 - Entered getValue method
2021-07-02 15:03:13,611  INFO [main] SetUp:46 - Entered getValue method
2021-07-02 15:03:13,612  INFO [main] SetUp:46 - Entered getValue method
2021-07-02 15:03:13,612  INFO [main] SetUp:46 - Entered getValue method
2021-07-02 15:03:13,612  INFO [main] SetUp:46 - Entered getValue method
2021-07-02 15:03:13,612  INFO [main] SetUp:46 - Entered getValue method
2021-07-02 15:03:13,612  INFO [main] SetUp:46 - Entered getValue method
2021-07-02 15:03:13,612  INFO [main] SetUp:46 - Entered getValue method
2021-07-02 15:03:13,612  INFO [main] SetUp:46 - Entered getValue method
2021-07-02 15:03:13,612  INFO [main] SetUp:46 - Entered getValue method
2021-07-02 15:03:13,612  INFO [main] SetUp:46 - Entered getValue method
2021-07-02 15:03:13,612  INFO [main] SetUp:46 - Entered getValue method
2021-07-02 15:03:13,612  INFO [main] SetUp:46 - Entered getValue method
2021-07-02 15:03:13,612  INFO [main] SetUp:46 - Entered getValue method
2021-07-02 15:03:13,613  INFO [main] SetUp:46 - Entered getValue method
2021-07-02 15:03:13,613  INFO [main] SetUp:46 - Entered getValue method
2021-07-02 15:03:13,613  INFO [main] SetUp:46 - Entered getValue method
2021-07-02 15:03:13,613  INFO [main] SetUp:46 - Entered getValue method
2021-07-02 15:03:16,707  INFO [main] SetUp:2099 - Assertion passed
2021-07-02 15:03:16,709  INFO [main] SetUp:115 - enter testReportResult method 
2021-07-02 15:03:16,846  INFO [main] SetUp:2111 - Entered filterByNurseryNameStatusAndCountryCode test
2021-07-02 15:03:16,846  INFO [main] SetUp:46 - Entered getValue method
2021-07-02 15:03:16,846  INFO [main] SetUp:46 - Entered getValue method
2021-07-02 15:03:16,846  INFO [main] SetUp:46 - Entered getValue method
2021-07-02 15:03:16,847  INFO [main] SetUp:46 - Entered getValue method
2021-07-02 15:03:16,847  INFO [main] SetUp:46 - Entered getValue method
2021-07-02 15:03:16,847  INFO [main] SetUp:46 - Entered getValue method
2021-07-02 15:03:16,847  INFO [main] SetUp:46 - Entered getValue method
2021-07-02 15:03:16,847  INFO [main] SetUp:46 - Entered getValue method
2021-07-02 15:03:16,847  INFO [main] SetUp:46 - Entered getValue method
2021-07-02 15:03:16,847  INFO [main] SetUp:46 - Entered getValue method
2021-07-02 15:03:16,847  INFO [main] SetUp:46 - Entered getValue method
2021-07-02 15:03:16,847  INFO [main] SetUp:46 - Entered getValue method
2021-07-02 15:03:16,847  INFO [main] SetUp:46 - Entered getValue method
2021-07-02 15:03:16,848  INFO [main] SetUp:46 - Entered getValue method
2021-07-02 15:03:16,848  INFO [main] SetUp:46 - Entered getValue method
2021-07-02 15:03:16,848  INFO [main] SetUp:46 - Entered getValue method
2021-07-02 15:03:16,848  INFO [main] SetUp:46 - Entered getValue method
2021-07-02 15:03:16,848  INFO [main] SetUp:46 - Entered getValue method
2021-07-02 15:03:16,848  INFO [main] SetUp:46 - Entered getValue method
2021-07-02 15:03:16,848  INFO [main] SetUp:46 - Entered getValue method
2021-07-02 15:03:16,848  INFO [main] SetUp:46 - Entered getValue method
2021-07-02 15:03:16,848  INFO [main] SetUp:46 - Entered getValue method
2021-07-02 15:03:16,848  INFO [main] SetUp:46 - Entered getValue method
2021-07-02 15:03:16,849  INFO [main] SetUp:46 - Entered getValue method
2021-07-02 15:03:16,850  INFO [main] SetUp:46 - Entered getValue method
2021-07-02 15:03:16,850  INFO [main] SetUp:46 - Entered getValue method
2021-07-02 15:03:16,850  INFO [main] SetUp:46 - Entered getValue method
2021-07-02 15:03:16,850  INFO [main] SetUp:46 - Entered getValue method
2021-07-02 15:03:19,992  INFO [main] SetUp:2172 - Assertion passed
2021-07-02 15:03:19,994  INFO [main] SetUp:115 - enter testReportResult method 
2021-07-02 15:03:20,277  INFO [main] SetUp:2184 - Entered filterByNurseryNameStatusAndPhone test
2021-07-02 15:03:20,278  INFO [main] SetUp:46 - Entered getValue method
2021-07-02 15:03:20,278  INFO [main] SetUp:46 - Entered getValue method
2021-07-02 15:03:20,279  INFO [main] SetUp:46 - Entered getValue method
2021-07-02 15:03:20,279  INFO [main] SetUp:46 - Entered getValue method
2021-07-02 15:03:20,279  INFO [main] SetUp:46 - Entered getValue method
2021-07-02 15:03:20,279  INFO [main] SetUp:46 - Entered getValue method
2021-07-02 15:03:20,279  INFO [main] SetUp:46 - Entered getValue method
2021-07-02 15:03:20,279  INFO [main] SetUp:46 - Entered getValue method
2021-07-02 15:03:20,279  INFO [main] SetUp:46 - Entered getValue method
2021-07-02 15:03:20,280  INFO [main] SetUp:46 - Entered getValue method
2021-07-02 15:03:20,280  INFO [main] SetUp:46 - Entered getValue method
2021-07-02 15:03:20,280  INFO [main] SetUp:46 - Entered getValue method
2021-07-02 15:03:20,280  INFO [main] SetUp:46 - Entered getValue method
2021-07-02 15:03:20,280  INFO [main] SetUp:46 - Entered getValue method
2021-07-02 15:03:20,280  INFO [main] SetUp:46 - Entered getValue method
2021-07-02 15:03:20,280  INFO [main] SetUp:46 - Entered getValue method
2021-07-02 15:03:20,280  INFO [main] SetUp:46 - Entered getValue method
2021-07-02 15:03:20,281  INFO [main] SetUp:46 - Entered getValue method
2021-07-02 15:03:20,281  INFO [main] SetUp:46 - Entered getValue method
2021-07-02 15:03:20,281  INFO [main] SetUp:46 - Entered getValue method
2021-07-02 15:03:20,281  INFO [main] SetUp:46 - Entered getValue method
2021-07-02 15:03:23,646  INFO [main] SetUp:2244 - Assertion passed
2021-07-02 15:03:23,650  INFO [main] SetUp:115 - enter testReportResult method 
2021-07-02 15:03:23,925  INFO [main] SetUp:2256 - Entered filterByNurseryNameStatusAndAccess test
2021-07-02 15:03:23,925  INFO [main] SetUp:46 - Entered getValue method
2021-07-02 15:03:23,926  INFO [main] SetUp:46 - Entered getValue method
2021-07-02 15:03:23,926  INFO [main] SetUp:46 - Entered getValue method
2021-07-02 15:03:23,926  INFO [main] SetUp:46 - Entered getValue method
2021-07-02 15:03:23,927  INFO [main] SetUp:46 - Entered getValue method
2021-07-02 15:03:23,927  INFO [main] SetUp:46 - Entered getValue method
2021-07-02 15:03:23,927  INFO [main] SetUp:46 - Entered getValue method
2021-07-02 15:03:23,927  INFO [main] SetUp:46 - Entered getValue method
2021-07-02 15:03:23,928  INFO [main] SetUp:46 - Entered getValue method
2021-07-02 15:03:23,928  INFO [main] SetUp:46 - Entered getValue method
2021-07-02 15:03:23,928  INFO [main] SetUp:46 - Entered getValue method
2021-07-02 15:03:23,928  INFO [main] SetUp:46 - Entered getValue method
2021-07-02 15:03:23,929  INFO [main] SetUp:46 - Entered getValue method
2021-07-02 15:03:23,929  INFO [main] SetUp:46 - Entered getValue method
2021-07-02 15:03:23,930  INFO [main] SetUp:46 - Entered getValue method
2021-07-02 15:03:23,930  INFO [main] SetUp:46 - Entered getValue method
2021-07-02 15:03:23,930  INFO [main] SetUp:46 - Entered getValue method
2021-07-02 15:03:23,930  INFO [main] SetUp:46 - Entered getValue method
2021-07-02 15:03:23,931  INFO [main] SetUp:46 - Entered getValue method
2021-07-02 15:03:23,931  INFO [main] SetUp:46 - Entered getValue method
2021-07-02 15:03:23,931  INFO [main] SetUp:46 - Entered getValue method
2021-07-02 15:03:27,297  INFO [main] SetUp:2316 - Assertion passed
2021-07-02 15:03:27,300  INFO [main] SetUp:115 - enter testReportResult method 
2021-07-02 15:03:27,524  INFO [main] SetUp:2327 - Entered filterByNameEmailAndCountry test
2021-07-02 15:03:27,525  INFO [main] SetUp:46 - Entered getValue method
2021-07-02 15:03:27,525  INFO [main] SetUp:46 - Entered getValue method
2021-07-02 15:03:27,525  INFO [main] SetUp:46 - Entered getValue method
2021-07-02 15:03:27,525  INFO [main] SetUp:46 - Entered getValue method
2021-07-02 15:03:27,525  INFO [main] SetUp:46 - Entered getValue method
2021-07-02 15:03:27,525  INFO [main] SetUp:46 - Entered getValue method
2021-07-02 15:03:27,525  INFO [main] SetUp:46 - Entered getValue method
2021-07-02 15:03:27,526  INFO [main] SetUp:46 - Entered getValue method
2021-07-02 15:03:27,526  INFO [main] SetUp:46 - Entered getValue method
2021-07-02 15:03:27,526  INFO [main] SetUp:46 - Entered getValue method
2021-07-02 15:03:27,526  INFO [main] SetUp:46 - Entered getValue method
2021-07-02 15:03:27,526  INFO [main] SetUp:46 - Entered getValue method
2021-07-02 15:03:27,526  INFO [main] SetUp:46 - Entered getValue method
2021-07-02 15:03:27,526  INFO [main] SetUp:46 - Entered getValue method
2021-07-02 15:03:27,526  INFO [main] SetUp:46 - Entered getValue method
2021-07-02 15:03:27,526  INFO [main] SetUp:46 - Entered getValue method
2021-07-02 15:03:27,527  INFO [main] SetUp:46 - Entered getValue method
2021-07-02 15:03:27,527  INFO [main] SetUp:46 - Entered getValue method
2021-07-02 15:03:27,527  INFO [main] SetUp:46 - Entered getValue method
2021-07-02 15:03:27,527  INFO [main] SetUp:46 - Entered getValue method
2021-07-02 15:03:27,527  INFO [main] SetUp:46 - Entered getValue method
2021-07-02 15:03:30,986  INFO [main] SetUp:2387 - Assertion passed
2021-07-02 15:03:30,988  INFO [main] SetUp:115 - enter testReportResult method 
2021-07-02 15:03:31,205  INFO [main] SetUp:2398 - Entered filterByNameEmailAndCountryCode test
2021-07-02 15:03:31,205  INFO [main] SetUp:46 - Entered getValue method
2021-07-02 15:03:31,205  INFO [main] SetUp:46 - Entered getValue method
2021-07-02 15:03:31,206  INFO [main] SetUp:46 - Entered getValue method
2021-07-02 15:03:31,206  INFO [main] SetUp:46 - Entered getValue method
2021-07-02 15:03:31,206  INFO [main] SetUp:46 - Entered getValue method
2021-07-02 15:03:31,206  INFO [main] SetUp:46 - Entered getValue method
2021-07-02 15:03:31,206  INFO [main] SetUp:46 - Entered getValue method
2021-07-02 15:03:31,206  INFO [main] SetUp:46 - Entered getValue method
2021-07-02 15:03:31,206  INFO [main] SetUp:46 - Entered getValue method
2021-07-02 15:03:31,206  INFO [main] SetUp:46 - Entered getValue method
2021-07-02 15:03:31,206  INFO [main] SetUp:46 - Entered getValue method
2021-07-02 15:03:31,206  INFO [main] SetUp:46 - Entered getValue method
2021-07-02 15:03:31,206  INFO [main] SetUp:46 - Entered getValue method
2021-07-02 15:03:31,206  INFO [main] SetUp:46 - Entered getValue method
2021-07-02 15:03:31,206  INFO [main] SetUp:46 - Entered getValue method
2021-07-02 15:03:31,206  INFO [main] SetUp:46 - Entered getValue method
2021-07-02 15:03:31,206  INFO [main] SetUp:46 - Entered getValue method
2021-07-02 15:03:31,207  INFO [main] SetUp:46 - Entered getValue method
2021-07-02 15:03:31,207  INFO [main] SetUp:46 - Entered getValue method
2021-07-02 15:03:31,207  INFO [main] SetUp:46 - Entered getValue method
2021-07-02 15:03:31,207  INFO [main] SetUp:46 - Entered getValue method
2021-07-02 15:03:31,207  INFO [main] SetUp:46 - Entered getValue method
2021-07-02 15:03:31,207  INFO [main] SetUp:46 - Entered getValue method
2021-07-02 15:03:31,207  INFO [main] SetUp:46 - Entered getValue method
2021-07-02 15:03:31,207  INFO [main] SetUp:46 - Entered getValue method
2021-07-02 15:03:31,207  INFO [main] SetUp:46 - Entered getValue method
2021-07-02 15:03:31,207  INFO [main] SetUp:46 - Entered getValue method
2021-07-02 15:03:31,207  INFO [main] SetUp:46 - Entered getValue method
2021-07-02 15:03:34,753  INFO [main] SetUp:2459 - Assertion passed
2021-07-02 15:03:34,755  INFO [main] SetUp:115 - enter testReportResult method 
2021-07-02 15:03:34,966  INFO [main] SetUp:2470 - Entered filterByNameEmailAndCountryCode test
2021-07-02 15:03:34,966  INFO [main] SetUp:46 - Entered getValue method
2021-07-02 15:03:34,966  INFO [main] SetUp:46 - Entered getValue method
2021-07-02 15:03:34,967  INFO [main] SetUp:46 - Entered getValue method
2021-07-02 15:03:34,967  INFO [main] SetUp:46 - Entered getValue method
2021-07-02 15:03:34,967  INFO [main] SetUp:46 - Entered getValue method
2021-07-02 15:03:34,967  INFO [main] SetUp:46 - Entered getValue method
2021-07-02 15:03:34,967  INFO [main] SetUp:46 - Entered getValue method
2021-07-02 15:03:34,967  INFO [main] SetUp:46 - Entered getValue method
2021-07-02 15:03:34,967  INFO [main] SetUp:46 - Entered getValue method
2021-07-02 15:03:34,967  INFO [main] SetUp:46 - Entered getValue method
2021-07-02 15:03:34,967  INFO [main] SetUp:46 - Entered getValue method
2021-07-02 15:03:34,967  INFO [main] SetUp:46 - Entered getValue method
2021-07-02 15:03:34,967  INFO [main] SetUp:46 - Entered getValue method
2021-07-02 15:03:34,967  INFO [main] SetUp:46 - Entered getValue method
2021-07-02 15:03:34,967  INFO [main] SetUp:46 - Entered getValue method
2021-07-02 15:03:34,968  INFO [main] SetUp:46 - Entered getValue method
2021-07-02 15:03:34,968  INFO [main] SetUp:46 - Entered getValue method
2021-07-02 15:03:34,968  INFO [main] SetUp:46 - Entered getValue method
2021-07-02 15:03:34,968  INFO [main] SetUp:46 - Entered getValue method
2021-07-02 15:03:34,968  INFO [main] SetUp:46 - Entered getValue method
2021-07-02 15:03:34,968  INFO [main] SetUp:46 - Entered getValue method
2021-07-02 15:03:38,419  INFO [main] SetUp:2530 - Assertion passed
2021-07-02 15:03:38,420  INFO [main] SetUp:115 - enter testReportResult method 
2021-07-02 15:03:38,561  INFO [main] SetUp:2542 - Entered filterByStatusEmailAndCountry test
2021-07-02 15:03:38,562  INFO [main] SetUp:46 - Entered getValue method
2021-07-02 15:03:38,562  INFO [main] SetUp:46 - Entered getValue method
2021-07-02 15:03:38,562  INFO [main] SetUp:46 - Entered getValue method
2021-07-02 15:03:38,562  INFO [main] SetUp:46 - Entered getValue method
2021-07-02 15:03:38,563  INFO [main] SetUp:46 - Entered getValue method
2021-07-02 15:03:38,563  INFO [main] SetUp:46 - Entered getValue method
2021-07-02 15:03:38,563  INFO [main] SetUp:46 - Entered getValue method
2021-07-02 15:03:38,563  INFO [main] SetUp:46 - Entered getValue method
2021-07-02 15:03:38,563  INFO [main] SetUp:46 - Entered getValue method
2021-07-02 15:03:38,563  INFO [main] SetUp:46 - Entered getValue method
2021-07-02 15:03:38,563  INFO [main] SetUp:46 - Entered getValue method
2021-07-02 15:03:38,564  INFO [main] SetUp:46 - Entered getValue method
2021-07-02 15:03:38,564  INFO [main] SetUp:46 - Entered getValue method
2021-07-02 15:03:38,564  INFO [main] SetUp:46 - Entered getValue method
2021-07-02 15:03:38,564  INFO [main] SetUp:46 - Entered getValue method
2021-07-02 15:03:38,564  INFO [main] SetUp:46 - Entered getValue method
2021-07-02 15:03:38,564  INFO [main] SetUp:46 - Entered getValue method
2021-07-02 15:03:38,564  INFO [main] SetUp:46 - Entered getValue method
2021-07-02 15:03:38,564  INFO [main] SetUp:46 - Entered getValue method
2021-07-02 15:03:38,564  INFO [main] SetUp:46 - Entered getValue method
2021-07-02 15:03:38,564  INFO [main] SetUp:46 - Entered getValue method
2021-07-02 15:03:41,920  INFO [main] SetUp:2602 - Assertion passed
2021-07-02 15:03:41,924  INFO [main] SetUp:115 - enter testReportResult method 
2021-07-02 15:03:42,133  INFO [main] SetUp:2613 - Entered filterByStatusCountryAndCountryCode test
2021-07-02 15:03:42,134  INFO [main] SetUp:46 - Entered getValue method
2021-07-02 15:03:42,134  INFO [main] SetUp:46 - Entered getValue method
2021-07-02 15:03:42,134  INFO [main] SetUp:46 - Entered getValue method
2021-07-02 15:03:42,134  INFO [main] SetUp:46 - Entered getValue method
2021-07-02 15:03:42,134  INFO [main] SetUp:46 - Entered getValue method
2021-07-02 15:03:42,134  INFO [main] SetUp:46 - Entered getValue method
2021-07-02 15:03:42,134  INFO [main] SetUp:46 - Entered getValue method
2021-07-02 15:03:42,134  INFO [main] SetUp:46 - Entered getValue method
2021-07-02 15:03:42,135  INFO [main] SetUp:46 - Entered getValue method
2021-07-02 15:03:42,135  INFO [main] SetUp:46 - Entered getValue method
2021-07-02 15:03:42,135  INFO [main] SetUp:46 - Entered getValue method
2021-07-02 15:03:42,135  INFO [main] SetUp:46 - Entered getValue method
2021-07-02 15:03:42,135  INFO [main] SetUp:46 - Entered getValue method
2021-07-02 15:03:42,135  INFO [main] SetUp:46 - Entered getValue method
2021-07-02 15:03:42,135  INFO [main] SetUp:46 - Entered getValue method
2021-07-02 15:03:42,135  INFO [main] SetUp:46 - Entered getValue method
2021-07-02 15:03:42,135  INFO [main] SetUp:46 - Entered getValue method
2021-07-02 15:03:42,135  INFO [main] SetUp:46 - Entered getValue method
2021-07-02 15:03:42,135  INFO [main] SetUp:46 - Entered getValue method
2021-07-02 15:03:42,135  INFO [main] SetUp:46 - Entered getValue method
2021-07-02 15:03:42,135  INFO [main] SetUp:46 - Entered getValue method
2021-07-02 15:03:42,135  INFO [main] SetUp:46 - Entered getValue method
2021-07-02 15:03:42,136  INFO [main] SetUp:46 - Entered getValue method
2021-07-02 15:03:42,136  INFO [main] SetUp:46 - Entered getValue method
2021-07-02 15:03:42,136  INFO [main] SetUp:46 - Entered getValue method
2021-07-02 15:03:42,136  INFO [main] SetUp:46 - Entered getValue method
2021-07-02 15:03:42,136  INFO [main] SetUp:46 - Entered getValue method
2021-07-02 15:03:42,136  INFO [main] SetUp:46 - Entered getValue method
2021-07-02 15:04:00,405  INFO [main] SetUp:2674 - Assertion passed
2021-07-02 15:04:00,409  INFO [main] SetUp:115 - enter testReportResult method 
2021-07-02 15:04:00,674  INFO [main] SetUp:2685 - Entered filterByStatusCountryAndPhone test
2021-07-02 15:04:00,675  INFO [main] SetUp:46 - Entered getValue method
2021-07-02 15:04:00,675  INFO [main] SetUp:46 - Entered getValue method
2021-07-02 15:04:00,675  INFO [main] SetUp:46 - Entered getValue method
2021-07-02 15:04:00,675  INFO [main] SetUp:46 - Entered getValue method
2021-07-02 15:04:00,675  INFO [main] SetUp:46 - Entered getValue method
2021-07-02 15:04:00,676  INFO [main] SetUp:46 - Entered getValue method
2021-07-02 15:04:00,676  INFO [main] SetUp:46 - Entered getValue method
2021-07-02 15:04:00,676  INFO [main] SetUp:46 - Entered getValue method
2021-07-02 15:04:00,676  INFO [main] SetUp:46 - Entered getValue method
2021-07-02 15:04:00,676  INFO [main] SetUp:46 - Entered getValue method
2021-07-02 15:04:00,676  INFO [main] SetUp:46 - Entered getValue method
2021-07-02 15:04:00,676  INFO [main] SetUp:46 - Entered getValue method
2021-07-02 15:04:00,676  INFO [main] SetUp:46 - Entered getValue method
2021-07-02 15:04:00,676  INFO [main] SetUp:46 - Entered getValue method
2021-07-02 15:04:00,676  INFO [main] SetUp:46 - Entered getValue method
2021-07-02 15:04:00,677  INFO [main] SetUp:46 - Entered getValue method
2021-07-02 15:04:00,677  INFO [main] SetUp:46 - Entered getValue method
2021-07-02 15:04:00,677  INFO [main] SetUp:46 - Entered getValue method
2021-07-02 15:04:00,677  INFO [main] SetUp:46 - Entered getValue method
2021-07-02 15:04:00,677  INFO [main] SetUp:46 - Entered getValue method
2021-07-02 15:04:00,677  INFO [main] SetUp:46 - Entered getValue method
2021-07-02 15:04:03,840  INFO [main] SetUp:2745 - Assertion passed
2021-07-02 15:04:03,843  INFO [main] SetUp:115 - enter testReportResult method 
2021-07-02 15:04:04,101  INFO [main] SetUp:2756 - Entered filterByNameCountryAndPhone test
2021-07-02 15:04:04,102  INFO [main] SetUp:46 - Entered getValue method
2021-07-02 15:04:04,102  INFO [main] SetUp:46 - Entered getValue method
2021-07-02 15:04:04,102  INFO [main] SetUp:46 - Entered getValue method
2021-07-02 15:04:04,102  INFO [main] SetUp:46 - Entered getValue method
2021-07-02 15:04:04,102  INFO [main] SetUp:46 - Entered getValue method
2021-07-02 15:04:04,102  INFO [main] SetUp:46 - Entered getValue method
2021-07-02 15:04:04,103  INFO [main] SetUp:46 - Entered getValue method
2021-07-02 15:04:04,103  INFO [main] SetUp:46 - Entered getValue method
2021-07-02 15:04:04,103  INFO [main] SetUp:46 - Entered getValue method
2021-07-02 15:04:04,103  INFO [main] SetUp:46 - Entered getValue method
2021-07-02 15:04:04,103  INFO [main] SetUp:46 - Entered getValue method
2021-07-02 15:04:04,103  INFO [main] SetUp:46 - Entered getValue method
2021-07-02 15:04:04,103  INFO [main] SetUp:46 - Entered getValue method
2021-07-02 15:04:04,103  INFO [main] SetUp:46 - Entered getValue method
2021-07-02 15:04:04,103  INFO [main] SetUp:46 - Entered getValue method
2021-07-02 15:04:04,103  INFO [main] SetUp:46 - Entered getValue method
2021-07-02 15:04:04,103  INFO [main] SetUp:46 - Entered getValue method
2021-07-02 15:04:04,103  INFO [main] SetUp:46 - Entered getValue method
2021-07-02 15:04:04,104  INFO [main] SetUp:46 - Entered getValue method
2021-07-02 15:04:04,104  INFO [main] SetUp:46 - Entered getValue method
2021-07-02 15:04:04,104  INFO [main] SetUp:46 - Entered getValue method
2021-07-02 15:04:07,405  INFO [main] SetUp:2816 - Assertion passed
2021-07-02 15:04:07,411  INFO [main] SetUp:115 - enter testReportResult method 
2021-07-02 15:04:07,685  INFO [main] SetUp:2827 - Entered filterByEmailCountryAndPhone test
2021-07-02 15:04:07,686  INFO [main] SetUp:46 - Entered getValue method
2021-07-02 15:04:07,686  INFO [main] SetUp:46 - Entered getValue method
2021-07-02 15:04:07,686  INFO [main] SetUp:46 - Entered getValue method
2021-07-02 15:04:07,686  INFO [main] SetUp:46 - Entered getValue method
2021-07-02 15:04:07,686  INFO [main] SetUp:46 - Entered getValue method
2021-07-02 15:04:07,687  INFO [main] SetUp:46 - Entered getValue method
2021-07-02 15:04:07,687  INFO [main] SetUp:46 - Entered getValue method
2021-07-02 15:04:07,687  INFO [main] SetUp:46 - Entered getValue method
2021-07-02 15:04:07,687  INFO [main] SetUp:46 - Entered getValue method
2021-07-02 15:04:07,687  INFO [main] SetUp:46 - Entered getValue method
2021-07-02 15:04:07,687  INFO [main] SetUp:46 - Entered getValue method
2021-07-02 15:04:07,687  INFO [main] SetUp:46 - Entered getValue method
2021-07-02 15:04:07,687  INFO [main] SetUp:46 - Entered getValue method
2021-07-02 15:04:07,687  INFO [main] SetUp:46 - Entered getValue method
2021-07-02 15:04:07,688  INFO [main] SetUp:46 - Entered getValue method
2021-07-02 15:04:07,688  INFO [main] SetUp:46 - Entered getValue method
2021-07-02 15:04:07,688  INFO [main] SetUp:46 - Entered getValue method
2021-07-02 15:04:07,688  INFO [main] SetUp:46 - Entered getValue method
2021-07-02 15:04:07,688  INFO [main] SetUp:46 - Entered getValue method
2021-07-02 15:04:07,688  INFO [main] SetUp:46 - Entered getValue method
2021-07-02 15:04:07,688  INFO [main] SetUp:46 - Entered getValue method
2021-07-02 15:04:11,149  INFO [main] SetUp:2887 - Assertion passed
2021-07-02 15:04:11,155  INFO [main] SetUp:115 - enter testReportResult method 
2021-07-02 15:04:11,409  INFO [main] SetUp:2898 - Entered filterNurseryByNameEmailCountryAndPhone test
2021-07-02 15:04:11,409  INFO [main] SetUp:46 - Entered getValue method
2021-07-02 15:04:11,410  INFO [main] SetUp:46 - Entered getValue method
2021-07-02 15:04:11,410  INFO [main] SetUp:46 - Entered getValue method
2021-07-02 15:04:11,410  INFO [main] SetUp:46 - Entered getValue method
2021-07-02 15:04:11,410  INFO [main] SetUp:46 - Entered getValue method
2021-07-02 15:04:11,410  INFO [main] SetUp:46 - Entered getValue method
2021-07-02 15:04:11,411  INFO [main] SetUp:46 - Entered getValue method
2021-07-02 15:04:11,411  INFO [main] SetUp:46 - Entered getValue method
2021-07-02 15:04:11,411  INFO [main] SetUp:46 - Entered getValue method
2021-07-02 15:04:11,411  INFO [main] SetUp:46 - Entered getValue method
2021-07-02 15:04:11,411  INFO [main] SetUp:46 - Entered getValue method
2021-07-02 15:04:11,411  INFO [main] SetUp:46 - Entered getValue method
2021-07-02 15:04:11,411  INFO [main] SetUp:46 - Entered getValue method
2021-07-02 15:04:11,411  INFO [main] SetUp:46 - Entered getValue method
2021-07-02 15:04:11,412  INFO [main] SetUp:46 - Entered getValue method
2021-07-02 15:04:11,412  INFO [main] SetUp:46 - Entered getValue method
2021-07-02 15:04:11,412  INFO [main] SetUp:46 - Entered getValue method
2021-07-02 15:04:11,412  INFO [main] SetUp:46 - Entered getValue method
2021-07-02 15:04:11,412  INFO [main] SetUp:46 - Entered getValue method
2021-07-02 15:04:11,413  INFO [main] SetUp:46 - Entered getValue method
2021-07-02 15:04:11,413  INFO [main] SetUp:46 - Entered getValue method
2021-07-02 15:04:11,413  INFO [main] SetUp:46 - Entered getValue method
2021-07-02 15:04:11,413  INFO [main] SetUp:46 - Entered getValue method
2021-07-02 15:04:11,413  INFO [main] SetUp:46 - Entered getValue method
2021-07-02 15:04:11,413  INFO [main] SetUp:46 - Entered getValue method
2021-07-02 15:04:11,413  INFO [main] SetUp:46 - Entered getValue method
2021-07-02 15:04:11,413  INFO [main] SetUp:46 - Entered getValue method
2021-07-02 15:04:11,414  INFO [main] SetUp:46 - Entered getValue method
2021-07-02 15:04:14,668  INFO [main] SetUp:2961 - Assertion passed
2021-07-02 15:04:14,670  INFO [main] SetUp:115 - enter testReportResult method 
2021-07-02 15:04:14,927  INFO [main] SetUp:2972 - Entered filterNurseryByNameEmailCountryCountrycodeAndPhone test
2021-07-02 15:04:14,927  INFO [main] SetUp:46 - Entered getValue method
2021-07-02 15:04:14,927  INFO [main] SetUp:46 - Entered getValue method
2021-07-02 15:04:14,927  INFO [main] SetUp:46 - Entered getValue method
2021-07-02 15:04:14,927  INFO [main] SetUp:46 - Entered getValue method
2021-07-02 15:04:14,927  INFO [main] SetUp:46 - Entered getValue method
2021-07-02 15:04:14,927  INFO [main] SetUp:46 - Entered getValue method
2021-07-02 15:04:14,928  INFO [main] SetUp:46 - Entered getValue method
2021-07-02 15:04:14,928  INFO [main] SetUp:46 - Entered getValue method
2021-07-02 15:04:14,928  INFO [main] SetUp:46 - Entered getValue method
2021-07-02 15:04:14,928  INFO [main] SetUp:46 - Entered getValue method
2021-07-02 15:04:14,928  INFO [main] SetUp:46 - Entered getValue method
2021-07-02 15:04:14,928  INFO [main] SetUp:46 - Entered getValue method
2021-07-02 15:04:14,928  INFO [main] SetUp:46 - Entered getValue method
2021-07-02 15:04:14,928  INFO [main] SetUp:46 - Entered getValue method
2021-07-02 15:04:14,928  INFO [main] SetUp:46 - Entered getValue method
2021-07-02 15:04:14,928  INFO [main] SetUp:46 - Entered getValue method
2021-07-02 15:04:14,928  INFO [main] SetUp:46 - Entered getValue method
2021-07-02 15:04:14,928  INFO [main] SetUp:46 - Entered getValue method
2021-07-02 15:04:14,928  INFO [main] SetUp:46 - Entered getValue method
2021-07-02 15:04:14,929  INFO [main] SetUp:46 - Entered getValue method
2021-07-02 15:04:14,929  INFO [main] SetUp:46 - Entered getValue method
2021-07-02 15:04:14,929  INFO [main] SetUp:46 - Entered getValue method
2021-07-02 15:04:14,929  INFO [main] SetUp:46 - Entered getValue method
2021-07-02 15:04:14,929  INFO [main] SetUp:46 - Entered getValue method
2021-07-02 15:04:14,929  INFO [main] SetUp:46 - Entered getValue method
2021-07-02 15:04:14,929  INFO [main] SetUp:46 - Entered getValue method
2021-07-02 15:04:14,929  INFO [main] SetUp:46 - Entered getValue method
2021-07-02 15:04:14,929  INFO [main] SetUp:46 - Entered getValue method
2021-07-02 15:04:14,929  INFO [main] SetUp:46 - Entered getValue method
2021-07-02 15:04:14,929  INFO [main] SetUp:46 - Entered getValue method
2021-07-02 15:04:14,929  INFO [main] SetUp:46 - Entered getValue method
2021-07-02 15:04:14,930  INFO [main] SetUp:46 - Entered getValue method
2021-07-02 15:04:14,930  INFO [main] SetUp:46 - Entered getValue method
2021-07-02 15:04:14,930  INFO [main] SetUp:46 - Entered getValue method
2021-07-02 15:04:14,930  INFO [main] SetUp:46 - Entered getValue method
2021-07-02 15:04:18,155  INFO [main] SetUp:3038 - Assertion passed
2021-07-02 15:04:18,161  INFO [main] SetUp:115 - enter testReportResult method 
2021-07-02 15:04:18,417  INFO [main] SetUp:3049 - Entered filterNurseryByNameStatusCountryPhone test
2021-07-02 15:04:18,418  INFO [main] SetUp:46 - Entered getValue method
2021-07-02 15:04:18,418  INFO [main] SetUp:46 - Entered getValue method
2021-07-02 15:04:18,418  INFO [main] SetUp:46 - Entered getValue method
2021-07-02 15:04:18,418  INFO [main] SetUp:46 - Entered getValue method
2021-07-02 15:04:18,418  INFO [main] SetUp:46 - Entered getValue method
2021-07-02 15:04:18,419  INFO [main] SetUp:46 - Entered getValue method
2021-07-02 15:04:18,419  INFO [main] SetUp:46 - Entered getValue method
2021-07-02 15:04:18,419  INFO [main] SetUp:46 - Entered getValue method
2021-07-02 15:04:18,419  INFO [main] SetUp:46 - Entered getValue method
2021-07-02 15:04:18,419  INFO [main] SetUp:46 - Entered getValue method
2021-07-02 15:04:18,419  INFO [main] SetUp:46 - Entered getValue method
2021-07-02 15:04:18,419  INFO [main] SetUp:46 - Entered getValue method
2021-07-02 15:04:18,420  INFO [main] SetUp:46 - Entered getValue method
2021-07-02 15:04:18,420  INFO [main] SetUp:46 - Entered getValue method
2021-07-02 15:04:18,420  INFO [main] SetUp:46 - Entered getValue method
2021-07-02 15:04:18,420  INFO [main] SetUp:46 - Entered getValue method
2021-07-02 15:04:18,420  INFO [main] SetUp:46 - Entered getValue method
2021-07-02 15:04:18,420  INFO [main] SetUp:46 - Entered getValue method
2021-07-02 15:04:18,421  INFO [main] SetUp:46 - Entered getValue method
2021-07-02 15:04:18,421  INFO [main] SetUp:46 - Entered getValue method
2021-07-02 15:04:18,421  INFO [main] SetUp:46 - Entered getValue method
2021-07-02 15:04:18,421  INFO [main] SetUp:46 - Entered getValue method
2021-07-02 15:04:18,421  INFO [main] SetUp:46 - Entered getValue method
2021-07-02 15:04:18,421  INFO [main] SetUp:46 - Entered getValue method
2021-07-02 15:04:18,421  INFO [main] SetUp:46 - Entered getValue method
2021-07-02 15:04:18,422  INFO [main] SetUp:46 - Entered getValue method
2021-07-02 15:04:18,422  INFO [main] SetUp:46 - Entered getValue method
2021-07-02 15:04:18,422  INFO [main] SetUp:46 - Entered getValue method
2021-07-02 15:04:21,837  INFO [main] SetUp:3112 - Assertion passed
2021-07-02 15:04:21,842  INFO [main] SetUp:115 - enter testReportResult method 
2021-07-02 15:04:22,073  INFO [main] SetUp:3123 - Entered filterNurseryByNameStatusEmailCountryCountrycodeAndPhone test
2021-07-02 15:04:22,073  INFO [main] SetUp:46 - Entered getValue method
2021-07-02 15:04:22,073  INFO [main] SetUp:46 - Entered getValue method
2021-07-02 15:04:22,073  INFO [main] SetUp:46 - Entered getValue method
2021-07-02 15:04:22,074  INFO [main] SetUp:46 - Entered getValue method
2021-07-02 15:04:22,074  INFO [main] SetUp:46 - Entered getValue method
2021-07-02 15:04:22,074  INFO [main] SetUp:46 - Entered getValue method
2021-07-02 15:04:22,074  INFO [main] SetUp:46 - Entered getValue method
2021-07-02 15:04:22,074  INFO [main] SetUp:46 - Entered getValue method
2021-07-02 15:04:22,074  INFO [main] SetUp:46 - Entered getValue method
2021-07-02 15:04:22,074  INFO [main] SetUp:46 - Entered getValue method
2021-07-02 15:04:22,074  INFO [main] SetUp:46 - Entered getValue method
2021-07-02 15:04:22,074  INFO [main] SetUp:46 - Entered getValue method
2021-07-02 15:04:22,074  INFO [main] SetUp:46 - Entered getValue method
2021-07-02 15:04:22,075  INFO [main] SetUp:46 - Entered getValue method
2021-07-02 15:04:22,075  INFO [main] SetUp:46 - Entered getValue method
2021-07-02 15:04:22,075  INFO [main] SetUp:46 - Entered getValue method
2021-07-02 15:04:22,075  INFO [main] SetUp:46 - Entered getValue method
2021-07-02 15:04:22,075  INFO [main] SetUp:46 - Entered getValue method
2021-07-02 15:04:22,075  INFO [main] SetUp:46 - Entered getValue method
2021-07-02 15:04:22,075  INFO [main] SetUp:46 - Entered getValue method
2021-07-02 15:04:22,075  INFO [main] SetUp:46 - Entered getValue method
2021-07-02 15:04:22,075  INFO [main] SetUp:46 - Entered getValue method
2021-07-02 15:04:22,075  INFO [main] SetUp:46 - Entered getValue method
2021-07-02 15:04:22,075  INFO [main] SetUp:46 - Entered getValue method
2021-07-02 15:04:22,075  INFO [main] SetUp:46 - Entered getValue method
2021-07-02 15:04:22,076  INFO [main] SetUp:46 - Entered getValue method
2021-07-02 15:04:22,076  INFO [main] SetUp:46 - Entered getValue method
2021-07-02 15:04:22,076  INFO [main] SetUp:46 - Entered getValue method
2021-07-02 15:04:22,076  INFO [main] SetUp:46 - Entered getValue method
2021-07-02 15:04:22,076  INFO [main] SetUp:46 - Entered getValue method
2021-07-02 15:04:22,076  INFO [main] SetUp:46 - Entered getValue method
2021-07-02 15:04:22,076  INFO [main] SetUp:46 - Entered getValue method
2021-07-02 15:04:22,076  INFO [main] SetUp:46 - Entered getValue method
2021-07-02 15:04:22,076  INFO [main] SetUp:46 - Entered getValue method
2021-07-02 15:04:22,076  INFO [main] SetUp:46 - Entered getValue method
2021-07-02 15:04:22,076  INFO [main] SetUp:46 - Entered getValue method
2021-07-02 15:04:22,076  INFO [main] SetUp:46 - Entered getValue method
2021-07-02 15:04:22,076  INFO [main] SetUp:46 - Entered getValue method
2021-07-02 15:04:22,077  INFO [main] SetUp:46 - Entered getValue method
2021-07-02 15:04:22,077  INFO [main] SetUp:46 - Entered getValue method
2021-07-02 15:04:22,077  INFO [main] SetUp:46 - Entered getValue method
2021-07-02 15:04:22,077  INFO [main] SetUp:46 - Entered getValue method
2021-07-02 15:04:25,417  INFO [main] SetUp:3192 - Assertion passed
2021-07-02 15:04:25,421  INFO [main] SetUp:115 - enter testReportResult method 
2021-07-02 15:04:25,682  INFO [main] SetUp:3203 - Entered filterNurseryByStatusEmailCountryCountryCodeAndPhone test
2021-07-02 15:04:25,683  INFO [main] SetUp:46 - Entered getValue method
2021-07-02 15:04:25,683  INFO [main] SetUp:46 - Entered getValue method
2021-07-02 15:04:25,683  INFO [main] SetUp:46 - Entered getValue method
2021-07-02 15:04:25,683  INFO [main] SetUp:46 - Entered getValue method
2021-07-02 15:04:25,684  INFO [main] SetUp:46 - Entered getValue method
2021-07-02 15:04:25,684  INFO [main] SetUp:46 - Entered getValue method
2021-07-02 15:04:25,684  INFO [main] SetUp:46 - Entered getValue method
2021-07-02 15:04:25,684  INFO [main] SetUp:46 - Entered getValue method
2021-07-02 15:04:25,684  INFO [main] SetUp:46 - Entered getValue method
2021-07-02 15:04:25,684  INFO [main] SetUp:46 - Entered getValue method
2021-07-02 15:04:25,684  INFO [main] SetUp:46 - Entered getValue method
2021-07-02 15:04:25,684  INFO [main] SetUp:46 - Entered getValue method
2021-07-02 15:04:25,685  INFO [main] SetUp:46 - Entered getValue method
2021-07-02 15:04:25,685  INFO [main] SetUp:46 - Entered getValue method
2021-07-02 15:04:25,685  INFO [main] SetUp:46 - Entered getValue method
2021-07-02 15:04:25,685  INFO [main] SetUp:46 - Entered getValue method
2021-07-02 15:04:25,685  INFO [main] SetUp:46 - Entered getValue method
2021-07-02 15:04:25,685  INFO [main] SetUp:46 - Entered getValue method
2021-07-02 15:04:25,685  INFO [main] SetUp:46 - Entered getValue method
2021-07-02 15:04:25,685  INFO [main] SetUp:46 - Entered getValue method
2021-07-02 15:04:25,686  INFO [main] SetUp:46 - Entered getValue method
2021-07-02 15:04:25,686  INFO [main] SetUp:46 - Entered getValue method
2021-07-02 15:04:25,686  INFO [main] SetUp:46 - Entered getValue method
2021-07-02 15:04:25,686  INFO [main] SetUp:46 - Entered getValue method
2021-07-02 15:04:25,686  INFO [main] SetUp:46 - Entered getValue method
2021-07-02 15:04:25,686  INFO [main] SetUp:46 - Entered getValue method
2021-07-02 15:04:25,686  INFO [main] SetUp:46 - Entered getValue method
2021-07-02 15:04:25,686  INFO [main] SetUp:46 - Entered getValue method
2021-07-02 15:04:25,687  INFO [main] SetUp:46 - Entered getValue method
2021-07-02 15:04:25,687  INFO [main] SetUp:46 - Entered getValue method
2021-07-02 15:04:25,687  INFO [main] SetUp:46 - Entered getValue method
2021-07-02 15:04:25,687  INFO [main] SetUp:46 - Entered getValue method
2021-07-02 15:04:25,687  INFO [main] SetUp:46 - Entered getValue method
2021-07-02 15:04:25,687  INFO [main] SetUp:46 - Entered getValue method
2021-07-02 15:04:25,687  INFO [main] SetUp:46 - Entered getValue method
2021-07-02 15:04:29,098  INFO [main] SetUp:3269 - Assertion passed
2021-07-02 15:04:29,100  INFO [main] SetUp:115 - enter testReportResult method 
2021-07-02 15:04:29,337  INFO [main] SetUp:3280 - Entered filterNurseryList test
2021-07-02 15:04:29,337  INFO [main] SetUp:46 - Entered getValue method
2021-07-02 15:04:29,337  INFO [main] SetUp:46 - Entered getValue method
2021-07-02 15:04:29,337  INFO [main] SetUp:46 - Entered getValue method
2021-07-02 15:04:29,338  INFO [main] SetUp:46 - Entered getValue method
2021-07-02 15:04:29,338  INFO [main] SetUp:46 - Entered getValue method
2021-07-02 15:04:29,338  INFO [main] SetUp:46 - Entered getValue method
2021-07-02 15:04:29,338  INFO [main] SetUp:46 - Entered getValue method
2021-07-02 15:04:29,338  INFO [main] SetUp:46 - Entered getValue method
2021-07-02 15:04:29,338  INFO [main] SetUp:46 - Entered getValue method
2021-07-02 15:04:29,338  INFO [main] SetUp:46 - Entered getValue method
2021-07-02 15:04:29,338  INFO [main] SetUp:46 - Entered getValue method
2021-07-02 15:04:29,338  INFO [main] SetUp:46 - Entered getValue method
2021-07-02 15:04:29,339  INFO [main] SetUp:46 - Entered getValue method
2021-07-02 15:04:29,339  INFO [main] SetUp:46 - Entered getValue method
2021-07-02 15:04:29,339  INFO [main] SetUp:46 - Entered getValue method
2021-07-02 15:04:29,339  INFO [main] SetUp:46 - Entered getValue method
2021-07-02 15:04:29,339  INFO [main] SetUp:46 - Entered getValue method
2021-07-02 15:04:29,339  INFO [main] SetUp:46 - Entered getValue method
2021-07-02 15:04:29,339  INFO [main] SetUp:46 - Entered getValue method
2021-07-02 15:04:29,339  INFO [main] SetUp:46 - Entered getValue method
2021-07-02 15:04:29,339  INFO [main] SetUp:46 - Entered getValue method
2021-07-02 15:04:29,339  INFO [main] SetUp:46 - Entered getValue method
2021-07-02 15:04:29,339  INFO [main] SetUp:46 - Entered getValue method
2021-07-02 15:04:29,340  INFO [main] SetUp:46 - Entered getValue method
2021-07-02 15:04:29,340  INFO [main] SetUp:46 - Entered getValue method
2021-07-02 15:04:29,340  INFO [main] SetUp:46 - Entered getValue method
2021-07-02 15:04:29,340  INFO [main] SetUp:46 - Entered getValue method
2021-07-02 15:04:29,340  INFO [main] SetUp:46 - Entered getValue method
2021-07-02 15:04:29,340  INFO [main] SetUp:46 - Entered getValue method
2021-07-02 15:04:29,340  INFO [main] SetUp:46 - Entered getValue method
2021-07-02 15:04:29,340  INFO [main] SetUp:46 - Entered getValue method
2021-07-02 15:04:29,340  INFO [main] SetUp:46 - Entered getValue method
2021-07-02 15:04:29,340  INFO [main] SetUp:46 - Entered getValue method
2021-07-02 15:04:29,340  INFO [main] SetUp:46 - Entered getValue method
2021-07-02 15:04:29,341  INFO [main] SetUp:46 - Entered getValue method
2021-07-02 15:04:29,341  INFO [main] SetUp:46 - Entered getValue method
2021-07-02 15:04:29,341  INFO [main] SetUp:46 - Entered getValue method
2021-07-02 15:04:29,341  INFO [main] SetUp:46 - Entered getValue method
2021-07-02 15:04:29,341  INFO [main] SetUp:46 - Entered getValue method
2021-07-02 15:04:29,341  INFO [main] SetUp:46 - Entered getValue method
2021-07-02 15:04:29,341  INFO [main] SetUp:46 - Entered getValue method
2021-07-02 15:04:29,341  INFO [main] SetUp:46 - Entered getValue method
2021-07-02 15:04:29,341  INFO [main] SetUp:46 - Entered getValue method
2021-07-02 15:04:29,341  INFO [main] SetUp:46 - Entered getValue method
2021-07-02 15:04:29,341  INFO [main] SetUp:46 - Entered getValue method
2021-07-02 15:04:29,341  INFO [main] SetUp:46 - Entered getValue method
2021-07-02 15:04:29,341  INFO [main] SetUp:46 - Entered getValue method
2021-07-02 15:04:29,342  INFO [main] SetUp:46 - Entered getValue method
2021-07-02 15:04:29,342  INFO [main] SetUp:46 - Entered getValue method
2021-07-02 15:04:32,422  INFO [main] SetUp:3352 - Assertion passed
2021-07-02 15:04:32,424  INFO [main] SetUp:115 - enter testReportResult method 
2021-07-02 15:04:33,205 DEBUG [main] cache:44 - Couldn't find template in cache for "spark/spark.spa.ftl"("en_IN", UTF-8, parsed); will try to load it.
2021-07-02 15:04:33,216 DEBUG [main] cache:44 - TemplateLoader.findTemplateSource("spark/spark.spa_en_IN.ftl"): Not found
2021-07-02 15:04:33,220 DEBUG [main] cache:44 - TemplateLoader.findTemplateSource("spark/spark.spa_en.ftl"): Not found
2021-07-02 15:04:33,222 DEBUG [main] cache:44 - TemplateLoader.findTemplateSource("spark/spark.spa.ftl"): Found
2021-07-02 15:04:33,222 DEBUG [main] cache:44 - Loading template for "spark/spark.spa.ftl"("en_IN", UTF-8, parsed) from "jar:file:/C:/Users/haseef/.m2/repository/com/aventstack/extentreports/4.1.5/extentreports-4.1.5.jar!/com/aventstack/extentreports/view/spark/spark.spa.ftl"
2021-07-02 15:04:33,490 DEBUG [main] cache:44 - Couldn't find template in cache for "commons/commons-variables.ftl"("en_IN", UTF-8, parsed); will try to load it.
2021-07-02 15:04:33,491 DEBUG [main] cache:44 - TemplateLoader.findTemplateSource("commons/commons-variables_en_IN.ftl"): Not found
2021-07-02 15:04:33,492 DEBUG [main] cache:44 - TemplateLoader.findTemplateSource("commons/commons-variables_en.ftl"): Not found
2021-07-02 15:04:33,492 DEBUG [main] cache:44 - TemplateLoader.findTemplateSource("commons/commons-variables.ftl"): Found
2021-07-02 15:04:33,493 DEBUG [main] cache:44 - Loading template for "commons/commons-variables.ftl"("en_IN", UTF-8, parsed) from "jar:file:/C:/Users/haseef/.m2/repository/com/aventstack/extentreports/4.1.5/extentreports-4.1.5.jar!/com/aventstack/extentreports/view/commons/commons-variables.ftl"
2021-07-02 15:04:33,640 DEBUG [main] cache:44 - Couldn't find template in cache for "commons/commons-macros.ftl"("en_IN", UTF-8, parsed); will try to load it.
2021-07-02 15:04:33,640 DEBUG [main] cache:44 - TemplateLoader.findTemplateSource("commons/commons-macros_en_IN.ftl"): Not found
2021-07-02 15:04:33,640 DEBUG [main] cache:44 - TemplateLoader.findTemplateSource("commons/commons-macros_en.ftl"): Not found
2021-07-02 15:04:33,641 DEBUG [main] cache:44 - TemplateLoader.findTemplateSource("commons/commons-macros.ftl"): Found
2021-07-02 15:04:33,642 DEBUG [main] cache:44 - Loading template for "commons/commons-macros.ftl"("en_IN", UTF-8, parsed) from "jar:file:/C:/Users/haseef/.m2/repository/com/aventstack/extentreports/4.1.5/extentreports-4.1.5.jar!/com/aventstack/extentreports/view/commons/commons-macros.ftl"
2021-07-02 15:04:33,663 DEBUG [main] cache:44 - Couldn't find template in cache for "spark/macros/attributes.ftl"("en_IN", UTF-8, parsed); will try to load it.
2021-07-02 15:04:33,663 DEBUG [main] cache:44 - TemplateLoader.findTemplateSource("spark/macros/attributes_en_IN.ftl"): Not found
2021-07-02 15:04:33,664 DEBUG [main] cache:44 - TemplateLoader.findTemplateSource("spark/macros/attributes_en.ftl"): Not found
2021-07-02 15:04:33,667 DEBUG [main] cache:44 - TemplateLoader.findTemplateSource("spark/macros/attributes.ftl"): Found
2021-07-02 15:04:33,667 DEBUG [main] cache:44 - Loading template for "spark/macros/attributes.ftl"("en_IN", UTF-8, parsed) from "jar:file:/C:/Users/haseef/.m2/repository/com/aventstack/extentreports/4.1.5/extentreports-4.1.5.jar!/com/aventstack/extentreports/view/spark/macros/attributes.ftl"
2021-07-02 15:04:33,670 DEBUG [main] cache:44 - Couldn't find template in cache for "spark/macros/log.ftl"("en_IN", UTF-8, parsed); will try to load it.
2021-07-02 15:04:33,671 DEBUG [main] cache:44 - TemplateLoader.findTemplateSource("spark/macros/log_en_IN.ftl"): Not found
2021-07-02 15:04:33,671 DEBUG [main] cache:44 - TemplateLoader.findTemplateSource("spark/macros/log_en.ftl"): Not found
2021-07-02 15:04:33,672 DEBUG [main] cache:44 - TemplateLoader.findTemplateSource("spark/macros/log.ftl"): Found
2021-07-02 15:04:33,672 DEBUG [main] cache:44 - Loading template for "spark/macros/log.ftl"("en_IN", UTF-8, parsed) from "jar:file:/C:/Users/haseef/.m2/repository/com/aventstack/extentreports/4.1.5/extentreports-4.1.5.jar!/com/aventstack/extentreports/view/spark/macros/log.ftl"
2021-07-02 15:04:33,675 DEBUG [main] cache:44 - Couldn't find template in cache for "spark/macros/recurse_nodes.ftl"("en_IN", UTF-8, parsed); will try to load it.
2021-07-02 15:04:33,676 DEBUG [main] cache:44 - TemplateLoader.findTemplateSource("spark/macros/recurse_nodes_en_IN.ftl"): Not found
2021-07-02 15:04:33,676 DEBUG [main] cache:44 - TemplateLoader.findTemplateSource("spark/macros/recurse_nodes_en.ftl"): Not found
2021-07-02 15:04:33,677 DEBUG [main] cache:44 - TemplateLoader.findTemplateSource("spark/macros/recurse_nodes.ftl"): Found
2021-07-02 15:04:33,677 DEBUG [main] cache:44 - Loading template for "spark/macros/recurse_nodes.ftl"("en_IN", UTF-8, parsed) from "jar:file:/C:/Users/haseef/.m2/repository/com/aventstack/extentreports/4.1.5/extentreports-4.1.5.jar!/com/aventstack/extentreports/view/spark/macros/recurse_nodes.ftl"
2021-07-02 15:04:33,680 DEBUG [main] cache:44 - "spark/macros/log.ftl"("en_IN", UTF-8, parsed) cached copy not yet stale; using cached.
2021-07-02 15:04:33,691 DEBUG [main] cache:44 - Couldn't find template in cache for "spark/partials/head.ftl"("en_IN", UTF-8, parsed); will try to load it.
2021-07-02 15:04:33,691 DEBUG [main] cache:44 - TemplateLoader.findTemplateSource("spark/partials/head_en_IN.ftl"): Not found
2021-07-02 15:04:33,692 DEBUG [main] cache:44 - TemplateLoader.findTemplateSource("spark/partials/head_en.ftl"): Not found
2021-07-02 15:04:33,693 DEBUG [main] cache:44 - TemplateLoader.findTemplateSource("spark/partials/head.ftl"): Found
2021-07-02 15:04:33,693 DEBUG [main] cache:44 - Loading template for "spark/partials/head.ftl"("en_IN", UTF-8, parsed) from "jar:file:/C:/Users/haseef/.m2/repository/com/aventstack/extentreports/4.1.5/extentreports-4.1.5.jar!/com/aventstack/extentreports/view/spark/partials/head.ftl"
2021-07-02 15:04:33,697 DEBUG [main] cache:44 - Couldn't find template in cache for "commons/commons-inject-css.ftl"("en_IN", UTF-8, parsed); will try to load it.
2021-07-02 15:04:33,697 DEBUG [main] cache:44 - TemplateLoader.findTemplateSource("commons/commons-inject-css_en_IN.ftl"): Not found
2021-07-02 15:04:33,700 DEBUG [main] cache:44 - TemplateLoader.findTemplateSource("commons/commons-inject-css_en.ftl"): Not found
2021-07-02 15:04:33,701 DEBUG [main] cache:44 - TemplateLoader.findTemplateSource("commons/commons-inject-css.ftl"): Found
2021-07-02 15:04:33,702 DEBUG [main] cache:44 - Loading template for "commons/commons-inject-css.ftl"("en_IN", UTF-8, parsed) from "jar:file:/C:/Users/haseef/.m2/repository/com/aventstack/extentreports/4.1.5/extentreports-4.1.5.jar!/com/aventstack/extentreports/view/commons/commons-inject-css.ftl"
2021-07-02 15:04:33,703 DEBUG [main] cache:44 - Couldn't find template in cache for "spark/partials/navbar.ftl"("en_IN", UTF-8, parsed); will try to load it.
2021-07-02 15:04:33,704 DEBUG [main] cache:44 - TemplateLoader.findTemplateSource("spark/partials/navbar_en_IN.ftl"): Not found
2021-07-02 15:04:33,705 DEBUG [main] cache:44 - TemplateLoader.findTemplateSource("spark/partials/navbar_en.ftl"): Not found
2021-07-02 15:04:33,706 DEBUG [main] cache:44 - TemplateLoader.findTemplateSource("spark/partials/navbar.ftl"): Found
2021-07-02 15:04:33,706 DEBUG [main] cache:44 - Loading template for "spark/partials/navbar.ftl"("en_IN", UTF-8, parsed) from "jar:file:/C:/Users/haseef/.m2/repository/com/aventstack/extentreports/4.1.5/extentreports-4.1.5.jar!/com/aventstack/extentreports/view/spark/partials/navbar.ftl"
2021-07-02 15:04:33,719 DEBUG [main] cache:44 - Couldn't find template in cache for "spark/partials/sidenav.ftl"("en_IN", UTF-8, parsed); will try to load it.
2021-07-02 15:04:33,720 DEBUG [main] cache:44 - TemplateLoader.findTemplateSource("spark/partials/sidenav_en_IN.ftl"): Not found
2021-07-02 15:04:33,721 DEBUG [main] cache:44 - TemplateLoader.findTemplateSource("spark/partials/sidenav_en.ftl"): Not found
2021-07-02 15:04:33,722 DEBUG [main] cache:44 - TemplateLoader.findTemplateSource("spark/partials/sidenav.ftl"): Found
2021-07-02 15:04:33,722 DEBUG [main] cache:44 - Loading template for "spark/partials/sidenav.ftl"("en_IN", UTF-8, parsed) from "jar:file:/C:/Users/haseef/.m2/repository/com/aventstack/extentreports/4.1.5/extentreports-4.1.5.jar!/com/aventstack/extentreports/view/spark/partials/sidenav.ftl"
2021-07-02 15:04:33,726 DEBUG [main] cache:44 - Couldn't find template in cache for "spark/partials/test.ftl"("en_IN", UTF-8, parsed); will try to load it.
2021-07-02 15:04:33,727 DEBUG [main] cache:44 - TemplateLoader.findTemplateSource("spark/partials/test_en_IN.ftl"): Not found
2021-07-02 15:04:33,728 DEBUG [main] cache:44 - TemplateLoader.findTemplateSource("spark/partials/test_en.ftl"): Not found
2021-07-02 15:04:33,729 DEBUG [main] cache:44 - TemplateLoader.findTemplateSource("spark/partials/test.ftl"): Found
2021-07-02 15:04:33,729 DEBUG [main] cache:44 - Loading template for "spark/partials/test.ftl"("en_IN", UTF-8, parsed) from "jar:file:/C:/Users/haseef/.m2/repository/com/aventstack/extentreports/4.1.5/extentreports-4.1.5.jar!/com/aventstack/extentreports/view/spark/partials/test.ftl"
2021-07-02 15:04:33,854 DEBUG [main] cache:44 - Couldn't find template in cache for "spark/partials/standard-content.ftl"("en_IN", UTF-8, parsed); will try to load it.
2021-07-02 15:04:33,855 DEBUG [main] cache:44 - TemplateLoader.findTemplateSource("spark/partials/standard-content_en_IN.ftl"): Not found
2021-07-02 15:04:33,856 DEBUG [main] cache:44 - TemplateLoader.findTemplateSource("spark/partials/standard-content_en.ftl"): Not found
2021-07-02 15:04:33,856 DEBUG [main] cache:44 - TemplateLoader.findTemplateSource("spark/partials/standard-content.ftl"): Found
2021-07-02 15:04:33,857 DEBUG [main] cache:44 - Loading template for "spark/partials/standard-content.ftl"("en_IN", UTF-8, parsed) from "jar:file:/C:/Users/haseef/.m2/repository/com/aventstack/extentreports/4.1.5/extentreports-4.1.5.jar!/com/aventstack/extentreports/view/spark/partials/standard-content.ftl"
2021-07-02 15:04:33,886 DEBUG [main] cache:44 - "spark/partials/standard-content.ftl"("en_IN", UTF-8, parsed) cached copy not yet stale; using cached.
2021-07-02 15:04:33,888 DEBUG [main] cache:44 - "spark/partials/standard-content.ftl"("en_IN", UTF-8, parsed) cached copy not yet stale; using cached.
2021-07-02 15:04:33,891 DEBUG [main] cache:44 - "spark/partials/standard-content.ftl"("en_IN", UTF-8, parsed) cached copy not yet stale; using cached.
2021-07-02 15:04:33,893 DEBUG [main] cache:44 - "spark/partials/standard-content.ftl"("en_IN", UTF-8, parsed) cached copy not yet stale; using cached.
2021-07-02 15:04:33,894 DEBUG [main] cache:44 - "spark/partials/standard-content.ftl"("en_IN", UTF-8, parsed) cached copy not yet stale; using cached.
2021-07-02 15:04:33,896 DEBUG [main] cache:44 - "spark/partials/standard-content.ftl"("en_IN", UTF-8, parsed) cached copy not yet stale; using cached.
2021-07-02 15:04:33,902 DEBUG [main] cache:44 - "spark/partials/standard-content.ftl"("en_IN", UTF-8, parsed) cached copy not yet stale; using cached.
2021-07-02 15:04:33,906 DEBUG [main] cache:44 - "spark/partials/standard-content.ftl"("en_IN", UTF-8, parsed) cached copy not yet stale; using cached.
2021-07-02 15:04:33,907 DEBUG [main] cache:44 - "spark/partials/standard-content.ftl"("en_IN", UTF-8, parsed) cached copy not yet stale; using cached.
2021-07-02 15:04:33,908 DEBUG [main] cache:44 - "spark/partials/standard-content.ftl"("en_IN", UTF-8, parsed) cached copy not yet stale; using cached.
2021-07-02 15:04:33,910 DEBUG [main] cache:44 - "spark/partials/standard-content.ftl"("en_IN", UTF-8, parsed) cached copy not yet stale; using cached.
2021-07-02 15:04:33,912 DEBUG [main] cache:44 - "spark/partials/standard-content.ftl"("en_IN", UTF-8, parsed) cached copy not yet stale; using cached.
2021-07-02 15:04:33,913 DEBUG [main] cache:44 - "spark/partials/standard-content.ftl"("en_IN", UTF-8, parsed) cached copy not yet stale; using cached.
2021-07-02 15:04:33,916 DEBUG [main] cache:44 - "spark/partials/standard-content.ftl"("en_IN", UTF-8, parsed) cached copy not yet stale; using cached.
2021-07-02 15:04:33,921 DEBUG [main] cache:44 - "spark/partials/standard-content.ftl"("en_IN", UTF-8, parsed) cached copy not yet stale; using cached.
2021-07-02 15:04:33,927 DEBUG [main] cache:44 - "spark/partials/standard-content.ftl"("en_IN", UTF-8, parsed) cached copy not yet stale; using cached.
2021-07-02 15:04:33,928 DEBUG [main] cache:44 - "spark/partials/standard-content.ftl"("en_IN", UTF-8, parsed) cached copy not yet stale; using cached.
2021-07-02 15:04:33,930 DEBUG [main] cache:44 - "spark/partials/standard-content.ftl"("en_IN", UTF-8, parsed) cached copy not yet stale; using cached.
2021-07-02 15:04:33,933 DEBUG [main] cache:44 - "spark/partials/standard-content.ftl"("en_IN", UTF-8, parsed) cached copy not yet stale; using cached.
2021-07-02 15:04:33,935 DEBUG [main] cache:44 - "spark/partials/standard-content.ftl"("en_IN", UTF-8, parsed) cached copy not yet stale; using cached.
2021-07-02 15:04:33,936 DEBUG [main] cache:44 - "spark/partials/standard-content.ftl"("en_IN", UTF-8, parsed) cached copy not yet stale; using cached.
2021-07-02 15:04:33,937 DEBUG [main] cache:44 - "spark/partials/standard-content.ftl"("en_IN", UTF-8, parsed) cached copy not yet stale; using cached.
2021-07-02 15:04:33,939 DEBUG [main] cache:44 - "spark/partials/standard-content.ftl"("en_IN", UTF-8, parsed) cached copy not yet stale; using cached.
2021-07-02 15:04:33,940 DEBUG [main] cache:44 - "spark/partials/standard-content.ftl"("en_IN", UTF-8, parsed) cached copy not yet stale; using cached.
2021-07-02 15:04:33,941 DEBUG [main] cache:44 - "spark/partials/standard-content.ftl"("en_IN", UTF-8, parsed) cached copy not yet stale; using cached.
2021-07-02 15:04:33,942 DEBUG [main] cache:44 - "spark/partials/standard-content.ftl"("en_IN", UTF-8, parsed) cached copy not yet stale; using cached.
2021-07-02 15:04:33,943 DEBUG [main] cache:44 - "spark/partials/standard-content.ftl"("en_IN", UTF-8, parsed) cached copy not yet stale; using cached.
2021-07-02 15:04:33,944 DEBUG [main] cache:44 - "spark/partials/standard-content.ftl"("en_IN", UTF-8, parsed) cached copy not yet stale; using cached.
2021-07-02 15:04:33,945 DEBUG [main] cache:44 - "spark/partials/standard-content.ftl"("en_IN", UTF-8, parsed) cached copy not yet stale; using cached.
2021-07-02 15:04:33,946 DEBUG [main] cache:44 - "spark/partials/standard-content.ftl"("en_IN", UTF-8, parsed) cached copy not yet stale; using cached.
2021-07-02 15:04:33,947 DEBUG [main] cache:44 - "spark/partials/standard-content.ftl"("en_IN", UTF-8, parsed) cached copy not yet stale; using cached.
2021-07-02 15:04:33,952 DEBUG [main] cache:44 - "spark/partials/standard-content.ftl"("en_IN", UTF-8, parsed) cached copy not yet stale; using cached.
2021-07-02 15:04:33,953 DEBUG [main] cache:44 - "spark/partials/standard-content.ftl"("en_IN", UTF-8, parsed) cached copy not yet stale; using cached.
2021-07-02 15:04:33,954 DEBUG [main] cache:44 - "spark/partials/standard-content.ftl"("en_IN", UTF-8, parsed) cached copy not yet stale; using cached.
2021-07-02 15:04:33,955 DEBUG [main] cache:44 - "spark/partials/standard-content.ftl"("en_IN", UTF-8, parsed) cached copy not yet stale; using cached.
2021-07-02 15:04:33,956 DEBUG [main] cache:44 - "spark/partials/standard-content.ftl"("en_IN", UTF-8, parsed) cached copy not yet stale; using cached.
2021-07-02 15:04:33,958 DEBUG [main] cache:44 - "spark/partials/standard-content.ftl"("en_IN", UTF-8, parsed) cached copy not yet stale; using cached.
2021-07-02 15:04:33,959 DEBUG [main] cache:44 - "spark/partials/standard-content.ftl"("en_IN", UTF-8, parsed) cached copy not yet stale; using cached.
2021-07-02 15:04:33,961 DEBUG [main] cache:44 - "spark/partials/standard-content.ftl"("en_IN", UTF-8, parsed) cached copy not yet stale; using cached.
2021-07-02 15:04:33,961 DEBUG [main] cache:44 - Couldn't find template in cache for "spark/partials/tag.ftl"("en_IN", UTF-8, parsed); will try to load it.
2021-07-02 15:04:33,962 DEBUG [main] cache:44 - TemplateLoader.findTemplateSource("spark/partials/tag_en_IN.ftl"): Not found
2021-07-02 15:04:33,963 DEBUG [main] cache:44 - TemplateLoader.findTemplateSource("spark/partials/tag_en.ftl"): Not found
2021-07-02 15:04:33,964 DEBUG [main] cache:44 - TemplateLoader.findTemplateSource("spark/partials/tag.ftl"): Found
2021-07-02 15:04:33,964 DEBUG [main] cache:44 - Loading template for "spark/partials/tag.ftl"("en_IN", UTF-8, parsed) from "jar:file:/C:/Users/haseef/.m2/repository/com/aventstack/extentreports/4.1.5/extentreports-4.1.5.jar!/com/aventstack/extentreports/view/spark/partials/tag.ftl"
2021-07-02 15:04:33,977 DEBUG [main] cache:44 - Couldn't find template in cache for "spark/partials/dashboard.ftl"("en_IN", UTF-8, parsed); will try to load it.
2021-07-02 15:04:33,977 DEBUG [main] cache:44 - TemplateLoader.findTemplateSource("spark/partials/dashboard_en_IN.ftl"): Not found
2021-07-02 15:04:33,978 DEBUG [main] cache:44 - TemplateLoader.findTemplateSource("spark/partials/dashboard_en.ftl"): Not found
2021-07-02 15:04:33,979 DEBUG [main] cache:44 - TemplateLoader.findTemplateSource("spark/partials/dashboard.ftl"): Found
2021-07-02 15:04:33,979 DEBUG [main] cache:44 - Loading template for "spark/partials/dashboard.ftl"("en_IN", UTF-8, parsed) from "jar:file:/C:/Users/haseef/.m2/repository/com/aventstack/extentreports/4.1.5/extentreports-4.1.5.jar!/com/aventstack/extentreports/view/spark/partials/dashboard.ftl"
2021-07-02 15:04:34,046 DEBUG [main] cache:44 - Couldn't find template in cache for "spark/partials/scripts.ftl"("en_IN", UTF-8, parsed); will try to load it.
2021-07-02 15:04:34,047 DEBUG [main] cache:44 - TemplateLoader.findTemplateSource("spark/partials/scripts_en_IN.ftl"): Not found
2021-07-02 15:04:34,047 DEBUG [main] cache:44 - TemplateLoader.findTemplateSource("spark/partials/scripts_en.ftl"): Not found
2021-07-02 15:04:34,050 DEBUG [main] cache:44 - TemplateLoader.findTemplateSource("spark/partials/scripts.ftl"): Found
2021-07-02 15:04:34,051 DEBUG [main] cache:44 - Loading template for "spark/partials/scripts.ftl"("en_IN", UTF-8, parsed) from "jar:file:/C:/Users/haseef/.m2/repository/com/aventstack/extentreports/4.1.5/extentreports-4.1.5.jar!/com/aventstack/extentreports/view/spark/partials/scripts.ftl"
2021-07-02 15:04:34,053 DEBUG [main] cache:44 - Couldn't find template in cache for "commons/commons-inject-js.ftl"("en_IN", UTF-8, parsed); will try to load it.
2021-07-02 15:04:34,054 DEBUG [main] cache:44 - TemplateLoader.findTemplateSource("commons/commons-inject-js_en_IN.ftl"): Not found
2021-07-02 15:04:34,055 DEBUG [main] cache:44 - TemplateLoader.findTemplateSource("commons/commons-inject-js_en.ftl"): Not found
2021-07-02 15:04:34,056 DEBUG [main] cache:44 - TemplateLoader.findTemplateSource("commons/commons-inject-js.ftl"): Found
2021-07-02 15:04:34,056 DEBUG [main] cache:44 - Loading template for "commons/commons-inject-js.ftl"("en_IN", UTF-8, parsed) from "jar:file:/C:/Users/haseef/.m2/repository/com/aventstack/extentreports/4.1.5/extentreports-4.1.5.jar!/com/aventstack/extentreports/view/commons/commons-inject-js.ftl"
